WARNING: This is a development server. Do not use it in a production deployment. Use a production WSGI server instead.
 * Running on http://localhost:8080
Press CTRL+C to quit
 * Restarting with stat
 * Debugger is active!
 * Debugger PIN: 114-515-388
WARNING: This is a development server. Do not use it in a production deployment. Use a production WSGI server instead.
 * Running on http://localhost:8080
Press CTRL+C to quit
 * Restarting with stat
 * Debugger is active!
 * Debugger PIN: 187-122-103
127.0.0.1 - - [13/May/2024 09:36:02] "GET / HTTP/1.1" 200 -
127.0.0.1 - - [13/May/2024 09:36:02] "GET /static/styles/styles.css HTTP/1.1" 200 -
127.0.0.1 - - [13/May/2024 09:36:02] "GET /static/script.js HTTP/1.1" 200 -
127.0.0.1 - - [13/May/2024 09:37:12] "GET /video_list.html HTTP/1.1" 200 -
127.0.0.1 - - [13/May/2024 10:54:26] "GET /video_list.html HTTP/1.1" 200 -
127.0.0.1 - - [13/May/2024 12:25:39] "GET / HTTP/1.1" 200 -
127.0.0.1 - - [13/May/2024 12:25:39] "GET /static/styles/styles.css HTTP/1.1" 200 -
127.0.0.1 - - [13/May/2024 12:25:39] "GET /static/script.js HTTP/1.1" 200 -
127.0.0.1 - - [13/May/2024 12:25:39] "GET /static/favicon.ico HTTP/1.1" 200 -
127.0.0.1 - - [13/May/2024 12:25:40] "GET /video_list.html HTTP/1.1" 200 -
127.0.0.1 - - [13/May/2024 12:27:59] "GET / HTTP/1.1" 200 -
127.0.0.1 - - [13/May/2024 12:27:59] "GET /static/styles/styles.css HTTP/1.1" 200 -
127.0.0.1 - - [13/May/2024 12:27:59] "GET /static/script.js HTTP/1.1" 200 -
127.0.0.1 - - [13/May/2024 12:27:59] "GET /static/favicon.ico HTTP/1.1" 200 -
127.0.0.1 - - [13/May/2024 12:28:01] "GET /video_list.html HTTP/1.1" 200 -
127.0.0.1 - - [13/May/2024 12:30:47] "GET / HTTP/1.1" 200 -
127.0.0.1 - - [13/May/2024 12:30:47] "GET /static/styles/styles.css HTTP/1.1" 200 -
127.0.0.1 - - [13/May/2024 12:30:47] "GET /static/script.js HTTP/1.1" 200 -
127.0.0.1 - - [13/May/2024 12:30:47] "GET /static/favicon.ico HTTP/1.1" 200 -
127.0.0.1 - - [13/May/2024 12:30:49] "GET /video_list.html HTTP/1.1" 200 -
127.0.0.1 - - [13/May/2024 12:31:30] "GET / HTTP/1.1" 200 -
127.0.0.1 - - [13/May/2024 12:31:30] "GET /static/styles/styles.css HTTP/1.1" 200 -
127.0.0.1 - - [13/May/2024 12:31:30] "GET /static/script.js HTTP/1.1" 200 -
127.0.0.1 - - [13/May/2024 12:31:30] "GET /static/favicon.ico HTTP/1.1" 200 -
127.0.0.1 - - [13/May/2024 12:31:32] "GET /video_list.html HTTP/1.1" 200 -
127.0.0.1 - - [13/May/2024 12:33:55] "GET / HTTP/1.1" 200 -
127.0.0.1 - - [13/May/2024 12:33:55] "GET /static/styles/styles.css HTTP/1.1" 200 -
127.0.0.1 - - [13/May/2024 12:33:55] "GET /static/script.js HTTP/1.1" 200 -
127.0.0.1 - - [13/May/2024 12:33:55] "GET /static/favicon.ico HTTP/1.1" 200 -
127.0.0.1 - - [13/May/2024 12:33:57] "GET /video_list.html HTTP/1.1" 200 -
127.0.0.1 - - [13/May/2024 13:03:24] "GET / HTTP/1.1" 200 -
127.0.0.1 - - [13/May/2024 13:03:25] "GET /static/styles/styles.css HTTP/1.1" 200 -
127.0.0.1 - - [13/May/2024 13:03:25] "GET /static/script.js HTTP/1.1" 200 -
127.0.0.1 - - [13/May/2024 13:03:25] "GET /static/favicon.ico HTTP/1.1" 200 -
127.0.0.1 - - [13/May/2024 13:03:26] "GET /video_list.html HTTP/1.1" 200 -
127.0.0.1 - - [13/May/2024 14:22:03] "GET / HTTP/1.1" 200 -
127.0.0.1 - - [13/May/2024 14:22:03] "GET /static/styles/styles.css HTTP/1.1" 200 -
127.0.0.1 - - [13/May/2024 14:22:03] "GET /static/script.js HTTP/1.1" 200 -
127.0.0.1 - - [13/May/2024 14:22:03] "GET /static/favicon.ico HTTP/1.1" 200 -
127.0.0.1 - - [13/May/2024 14:22:04] "GET /video_list.html HTTP/1.1" 200 -
127.0.0.1 - - [13/May/2024 14:26:37] "GET / HTTP/1.1" 200 -
127.0.0.1 - - [13/May/2024 14:26:37] "GET /static/styles/styles.css HTTP/1.1" 200 -
127.0.0.1 - - [13/May/2024 14:26:37] "GET /static/script.js HTTP/1.1" 200 -
127.0.0.1 - - [13/May/2024 14:26:37] "GET /static/favicon.ico HTTP/1.1" 200 -
127.0.0.1 - - [13/May/2024 14:26:38] "GET /video_list.html HTTP/1.1" 200 -
127.0.0.1 - - [13/May/2024 14:29:24] "GET / HTTP/1.1" 200 -
127.0.0.1 - - [13/May/2024 14:29:24] "GET /static/styles/styles.css HTTP/1.1" 200 -
127.0.0.1 - - [13/May/2024 14:29:24] "GET /static/script.js HTTP/1.1" 200 -
127.0.0.1 - - [13/May/2024 14:29:24] "GET /static/favicon.ico HTTP/1.1" 200 -
127.0.0.1 - - [13/May/2024 14:29:26] "GET /video_list.html HTTP/1.1" 200 -
127.0.0.1 - - [13/May/2024 14:30:26] "GET / HTTP/1.1" 200 -
127.0.0.1 - - [13/May/2024 14:30:27] "GET /static/styles/styles.css HTTP/1.1" 200 -
127.0.0.1 - - [13/May/2024 14:30:27] "GET /static/script.js HTTP/1.1" 200 -
127.0.0.1 - - [13/May/2024 14:30:27] "GET /static/favicon.ico HTTP/1.1" 200 -
127.0.0.1 - - [13/May/2024 14:30:28] "GET /video_list.html HTTP/1.1" 200 -
127.0.0.1 - - [13/May/2024 14:32:45] "GET / HTTP/1.1" 200 -
127.0.0.1 - - [13/May/2024 14:32:45] "GET /static/styles/styles.css HTTP/1.1" 200 -
127.0.0.1 - - [13/May/2024 14:32:45] "GET /static/script.js HTTP/1.1" 200 -
127.0.0.1 - - [13/May/2024 14:32:45] "GET /static/favicon.ico HTTP/1.1" 200 -
127.0.0.1 - - [13/May/2024 14:32:46] "GET /video_list.html HTTP/1.1" 200 -
127.0.0.1 - - [13/May/2024 14:37:17] "GET / HTTP/1.1" 200 -
127.0.0.1 - - [13/May/2024 14:37:17] "GET /static/styles/styles.css HTTP/1.1" 200 -
127.0.0.1 - - [13/May/2024 14:37:17] "GET /static/script.js HTTP/1.1" 200 -
127.0.0.1 - - [13/May/2024 14:37:17] "GET /static/favicon.ico HTTP/1.1" 200 -
127.0.0.1 - - [13/May/2024 14:37:19] "GET /video_list.html HTTP/1.1" 200 -
127.0.0.1 - - [13/May/2024 14:38:13] "GET / HTTP/1.1" 200 -
127.0.0.1 - - [13/May/2024 14:38:13] "GET /static/styles/styles.css HTTP/1.1" 200 -
127.0.0.1 - - [13/May/2024 14:38:13] "GET /static/script.js HTTP/1.1" 200 -
127.0.0.1 - - [13/May/2024 14:38:13] "GET /static/favicon.ico HTTP/1.1" 200 -
127.0.0.1 - - [13/May/2024 14:38:15] "GET /video_list.html HTTP/1.1" 200 -
127.0.0.1 - - [13/May/2024 14:39:54] "GET / HTTP/1.1" 200 -
127.0.0.1 - - [13/May/2024 14:39:54] "GET /static/styles/styles.css HTTP/1.1" 200 -
127.0.0.1 - - [13/May/2024 14:39:54] "GET /static/script.js HTTP/1.1" 200 -
127.0.0.1 - - [13/May/2024 14:39:54] "GET /static/favicon.ico HTTP/1.1" 200 -
127.0.0.1 - - [13/May/2024 14:39:56] "GET /video_list.html HTTP/1.1" 200 -
127.0.0.1 - - [13/May/2024 14:43:28] "GET / HTTP/1.1" 200 -
127.0.0.1 - - [13/May/2024 14:43:28] "GET /static/styles/styles.css HTTP/1.1" 200 -
127.0.0.1 - - [13/May/2024 14:43:28] "GET /static/script.js HTTP/1.1" 200 -
127.0.0.1 - - [13/May/2024 14:43:28] "GET /static/favicon.ico HTTP/1.1" 200 -
127.0.0.1 - - [13/May/2024 14:43:30] "GET /video_list.html HTTP/1.1" 200 -
127.0.0.1 - - [13/May/2024 14:47:32] "GET / HTTP/1.1" 200 -
127.0.0.1 - - [13/May/2024 14:47:32] "GET /static/styles/styles.css HTTP/1.1" 200 -
127.0.0.1 - - [13/May/2024 14:47:32] "GET /static/script.js HTTP/1.1" 200 -
127.0.0.1 - - [13/May/2024 14:47:32] "GET /static/favicon.ico HTTP/1.1" 200 -
127.0.0.1 - - [13/May/2024 14:47:34] "GET /video_list.html HTTP/1.1" 200 -
127.0.0.1 - - [13/May/2024 14:49:13] "GET / HTTP/1.1" 200 -
127.0.0.1 - - [13/May/2024 14:49:14] "GET /static/styles/styles.css HTTP/1.1" 200 -
127.0.0.1 - - [13/May/2024 14:49:14] "GET /static/script.js HTTP/1.1" 200 -
127.0.0.1 - - [13/May/2024 14:49:14] "GET /static/favicon.ico HTTP/1.1" 200 -
127.0.0.1 - - [13/May/2024 14:49:15] "GET /video_list.html HTTP/1.1" 200 -
127.0.0.1 - - [13/May/2024 14:55:55] "GET / HTTP/1.1" 200 -
127.0.0.1 - - [13/May/2024 14:55:55] "GET /static/styles/styles.css HTTP/1.1" 200 -
127.0.0.1 - - [13/May/2024 14:55:56] "GET /static/script.js HTTP/1.1" 200 -
127.0.0.1 - - [13/May/2024 14:55:56] "GET /static/favicon.ico HTTP/1.1" 200 -
127.0.0.1 - - [13/May/2024 14:55:57] "GET /video_list.html HTTP/1.1" 200 -
127.0.0.1 - - [13/May/2024 14:59:38] "GET / HTTP/1.1" 200 -
127.0.0.1 - - [13/May/2024 14:59:38] "GET /static/styles/styles.css HTTP/1.1" 200 -
127.0.0.1 - - [13/May/2024 14:59:38] "GET /static/script.js HTTP/1.1" 200 -
127.0.0.1 - - [13/May/2024 14:59:38] "GET /static/favicon.ico HTTP/1.1" 200 -
127.0.0.1 - - [13/May/2024 14:59:40] "GET /video_list.html HTTP/1.1" 200 -
127.0.0.1 - - [13/May/2024 15:00:37] "GET / HTTP/1.1" 200 -
127.0.0.1 - - [13/May/2024 15:00:37] "GET /static/styles/styles.css HTTP/1.1" 200 -
127.0.0.1 - - [13/May/2024 15:00:37] "GET /static/script.js HTTP/1.1" 200 -
127.0.0.1 - - [13/May/2024 15:00:37] "GET /static/favicon.ico HTTP/1.1" 200 -
127.0.0.1 - - [13/May/2024 15:00:38] "GET /video_list.html HTTP/1.1" 200 -
127.0.0.1 - - [13/May/2024 15:03:18] "GET / HTTP/1.1" 200 -
127.0.0.1 - - [13/May/2024 15:03:18] "GET /static/styles/styles.css HTTP/1.1" 200 -
127.0.0.1 - - [13/May/2024 15:03:18] "GET /static/script.js HTTP/1.1" 200 -
127.0.0.1 - - [13/May/2024 15:03:18] "GET /static/favicon.ico HTTP/1.1" 200 -
127.0.0.1 - - [13/May/2024 15:03:20] "GET /video_list.html HTTP/1.1" 200 -
127.0.0.1 - - [13/May/2024 15:04:44] "GET / HTTP/1.1" 200 -
127.0.0.1 - - [13/May/2024 15:04:44] "GET /static/styles/styles.css HTTP/1.1" 200 -
127.0.0.1 - - [13/May/2024 15:04:44] "GET /static/script.js HTTP/1.1" 200 -
127.0.0.1 - - [13/May/2024 15:04:44] "GET /static/favicon.ico HTTP/1.1" 200 -
127.0.0.1 - - [13/May/2024 15:04:46] "GET /video_list.html HTTP/1.1" 200 -
127.0.0.1 - - [13/May/2024 15:08:47] "GET / HTTP/1.1" 200 -
127.0.0.1 - - [13/May/2024 15:08:47] "GET /static/styles/styles.css HTTP/1.1" 200 -
127.0.0.1 - - [13/May/2024 15:08:47] "GET /static/script.js HTTP/1.1" 200 -
127.0.0.1 - - [13/May/2024 15:08:47] "GET /static/favicon.ico HTTP/1.1" 200 -
127.0.0.1 - - [13/May/2024 15:08:49] "GET /video_list.html HTTP/1.1" 200 -
127.0.0.1 - - [13/May/2024 15:14:03] "GET / HTTP/1.1" 200 -
127.0.0.1 - - [13/May/2024 15:14:03] "GET /static/styles/styles.css HTTP/1.1" 200 -
127.0.0.1 - - [13/May/2024 15:14:03] "GET /static/script.js HTTP/1.1" 200 -
127.0.0.1 - - [13/May/2024 15:14:03] "GET /static/favicon.ico HTTP/1.1" 200 -
127.0.0.1 - - [13/May/2024 15:14:05] "GET /video_list.html HTTP/1.1" 200 -
127.0.0.1 - - [13/May/2024 15:15:23] "GET / HTTP/1.1" 200 -
127.0.0.1 - - [13/May/2024 15:15:23] "GET /static/styles/styles.css HTTP/1.1" 200 -
127.0.0.1 - - [13/May/2024 15:15:23] "GET /static/script.js HTTP/1.1" 200 -
127.0.0.1 - - [13/May/2024 15:15:23] "GET /static/favicon.ico HTTP/1.1" 200 -
127.0.0.1 - - [13/May/2024 15:15:24] "GET /video_list.html HTTP/1.1" 200 -
127.0.0.1 - - [13/May/2024 17:10:44] "GET / HTTP/1.1" 200 -
127.0.0.1 - - [13/May/2024 17:10:45] "GET /static/styles/styles.css HTTP/1.1" 200 -
127.0.0.1 - - [13/May/2024 17:10:45] "GET /static/script.js HTTP/1.1" 200 -
127.0.0.1 - - [13/May/2024 17:10:48] "GET /video_list.html HTTP/1.1" 200 -
127.0.0.1 - - [13/May/2024 17:13:37] "GET /data_general.html HTTP/1.1" 200 -
127.0.0.1 - - [13/May/2024 17:13:37] "GET /static/data.js HTTP/1.1" 200 -
127.0.0.1 - - [13/May/2024 17:13:37] "GET /static/styles/data.css HTTP/1.1" 200 -
127.0.0.1 - - [13/May/2024 17:13:38] "GET /data/data_general HTTP/1.1" 200 -
127.0.0.1 - - [13/May/2024 17:14:27] "POST /delete_row HTTP/1.1" 200 -
127.0.0.1 - - [13/May/2024 17:14:27] "GET /data_general.html HTTP/1.1" 200 -
127.0.0.1 - - [13/May/2024 17:14:27] "GET /static/styles/data.css HTTP/1.1" 200 -
127.0.0.1 - - [13/May/2024 17:14:27] "GET /static/data.js HTTP/1.1" 200 -
127.0.0.1 - - [13/May/2024 17:14:28] "GET /data/data_general HTTP/1.1" 200 -
127.0.0.1 - - [13/May/2024 17:14:28] "GET /static/favicon.ico HTTP/1.1" 200 -
127.0.0.1 - - [13/May/2024 17:15:11] "GET /data_special.html HTTP/1.1" 200 -
127.0.0.1 - - [13/May/2024 17:15:11] "GET /static/data.js HTTP/1.1" 304 -
127.0.0.1 - - [13/May/2024 17:15:11] "GET /static/styles/data.css HTTP/1.1" 304 -
127.0.0.1 - - [13/May/2024 17:15:11] "GET /data/data_special HTTP/1.1" 200 -
127.0.0.1 - - [13/May/2024 17:15:48] "GET /data_advantages.html HTTP/1.1" 200 -
127.0.0.1 - - [13/May/2024 17:15:48] "GET /static/styles/data.css HTTP/1.1" 304 -
127.0.0.1 - - [13/May/2024 17:15:48] "GET /static/data.js HTTP/1.1" 304 -
127.0.0.1 - - [13/May/2024 17:15:48] "GET /data/data_advantages HTTP/1.1" 200 -
127.0.0.1 - - [14/May/2024 11:16:16] "GET / HTTP/1.1" 200 -
127.0.0.1 - - [14/May/2024 11:16:16] "GET /static/styles/styles.css HTTP/1.1" 200 -
127.0.0.1 - - [14/May/2024 11:16:16] "GET /static/script.js HTTP/1.1" 200 -
127.0.0.1 - - [14/May/2024 11:16:16] "GET /static/favicon.ico HTTP/1.1" 200 -
127.0.0.1 - - [14/May/2024 11:16:17] "GET /video_list.html HTTP/1.1" 200 -
127.0.0.1 - - [14/May/2024 11:16:49] "GET / HTTP/1.1" 200 -
127.0.0.1 - - [14/May/2024 11:16:49] "GET /static/script.js HTTP/1.1" 304 -
127.0.0.1 - - [14/May/2024 11:16:49] "GET /static/styles/styles.css HTTP/1.1" 200 -
127.0.0.1 - - [14/May/2024 11:17:43] "GET / HTTP/1.1" 200 -
127.0.0.1 - - [14/May/2024 11:17:44] "GET /static/styles/styles.css HTTP/1.1" 200 -
127.0.0.1 - - [14/May/2024 11:17:44] "GET /static/script.js HTTP/1.1" 200 -
127.0.0.1 - - [14/May/2024 11:17:44] "GET /static/favicon.ico HTTP/1.1" 200 -
127.0.0.1 - - [14/May/2024 11:17:45] "GET /video_list.html HTTP/1.1" 200 -
127.0.0.1 - - [14/May/2024 11:19:43] "GET / HTTP/1.1" 200 -
127.0.0.1 - - [14/May/2024 11:19:44] "GET /static/styles/styles.css HTTP/1.1" 200 -
127.0.0.1 - - [14/May/2024 11:19:44] "GET /static/script.js HTTP/1.1" 200 -
127.0.0.1 - - [14/May/2024 11:19:44] "GET /static/favicon.ico HTTP/1.1" 200 -
127.0.0.1 - - [14/May/2024 11:19:45] "GET /video_list.html HTTP/1.1" 200 -
127.0.0.1 - - [14/May/2024 11:20:42] "GET / HTTP/1.1" 200 -
127.0.0.1 - - [14/May/2024 11:20:43] "GET /static/styles/styles.css HTTP/1.1" 200 -
127.0.0.1 - - [14/May/2024 11:20:43] "GET /static/script.js HTTP/1.1" 200 -
127.0.0.1 - - [14/May/2024 11:20:43] "GET /static/favicon.ico HTTP/1.1" 200 -
127.0.0.1 - - [14/May/2024 11:20:44] "GET /video_list.html HTTP/1.1" 200 -
127.0.0.1 - - [14/May/2024 11:21:59] "GET / HTTP/1.1" 200 -
127.0.0.1 - - [14/May/2024 11:21:59] "GET /static/styles/styles.css HTTP/1.1" 200 -
127.0.0.1 - - [14/May/2024 11:21:59] "GET /static/script.js HTTP/1.1" 200 -
127.0.0.1 - - [14/May/2024 11:21:59] "GET /static/favicon.ico HTTP/1.1" 200 -
127.0.0.1 - - [14/May/2024 11:22:01] "GET /video_list.html HTTP/1.1" 200 -
127.0.0.1 - - [14/May/2024 11:23:28] "GET / HTTP/1.1" 200 -
127.0.0.1 - - [14/May/2024 11:23:28] "GET /static/styles/styles.css HTTP/1.1" 200 -
127.0.0.1 - - [14/May/2024 11:23:28] "GET /static/script.js HTTP/1.1" 200 -
127.0.0.1 - - [14/May/2024 11:23:28] "GET /static/favicon.ico HTTP/1.1" 200 -
127.0.0.1 - - [14/May/2024 11:23:29] "GET /video_list.html HTTP/1.1" 200 -
127.0.0.1 - - [14/May/2024 11:24:38] "GET /video_list.html HTTP/1.1" 200 -
127.0.0.1 - - [14/May/2024 11:24:39] "GET /static/favicon.ico HTTP/1.1" 200 -
127.0.0.1 - - [14/May/2024 11:27:15] "GET / HTTP/1.1" 200 -
127.0.0.1 - - [14/May/2024 11:27:15] "GET /static/styles/styles.css HTTP/1.1" 200 -
127.0.0.1 - - [14/May/2024 11:27:15] "GET /static/script.js HTTP/1.1" 200 -
127.0.0.1 - - [14/May/2024 11:27:15] "GET /static/favicon.ico HTTP/1.1" 200 -
127.0.0.1 - - [14/May/2024 11:27:16] "GET /video_list.html HTTP/1.1" 200 -
127.0.0.1 - - [14/May/2024 11:28:15] "GET / HTTP/1.1" 200 -
127.0.0.1 - - [14/May/2024 11:28:15] "GET /static/styles/styles.css HTTP/1.1" 200 -
127.0.0.1 - - [14/May/2024 11:28:15] "GET /static/script.js HTTP/1.1" 200 -
127.0.0.1 - - [14/May/2024 11:28:15] "GET /static/favicon.ico HTTP/1.1" 200 -
127.0.0.1 - - [14/May/2024 11:28:17] "GET /video_list.html HTTP/1.1" 200 -
127.0.0.1 - - [14/May/2024 11:34:06] "GET / HTTP/1.1" 200 -
127.0.0.1 - - [14/May/2024 11:34:06] "GET /static/styles/styles.css HTTP/1.1" 200 -
127.0.0.1 - - [14/May/2024 11:34:06] "GET /static/script.js HTTP/1.1" 200 -
127.0.0.1 - - [14/May/2024 11:34:06] "GET /static/favicon.ico HTTP/1.1" 200 -
127.0.0.1 - - [14/May/2024 11:34:08] "GET /video_list.html HTTP/1.1" 200 -
127.0.0.1 - - [14/May/2024 11:38:04] "GET / HTTP/1.1" 200 -
127.0.0.1 - - [14/May/2024 11:38:04] "GET /static/styles/styles.css HTTP/1.1" 200 -
127.0.0.1 - - [14/May/2024 11:38:04] "GET /static/script.js HTTP/1.1" 200 -
127.0.0.1 - - [14/May/2024 11:38:04] "GET /static/favicon.ico HTTP/1.1" 200 -
127.0.0.1 - - [14/May/2024 11:38:06] "GET /video_list.html HTTP/1.1" 200 -
127.0.0.1 - - [14/May/2024 11:38:58] "GET / HTTP/1.1" 200 -
127.0.0.1 - - [14/May/2024 11:38:58] "GET /static/styles/styles.css HTTP/1.1" 200 -
127.0.0.1 - - [14/May/2024 11:38:58] "GET /static/script.js HTTP/1.1" 200 -
127.0.0.1 - - [14/May/2024 11:38:58] "GET /static/favicon.ico HTTP/1.1" 200 -
127.0.0.1 - - [14/May/2024 11:38:59] "GET /video_list.html HTTP/1.1" 200 -
127.0.0.1 - - [14/May/2024 12:15:58] "GET / HTTP/1.1" 200 -
127.0.0.1 - - [14/May/2024 12:15:58] "GET /static/styles/styles.css HTTP/1.1" 200 -
127.0.0.1 - - [14/May/2024 12:15:58] "GET /static/script.js HTTP/1.1" 200 -
127.0.0.1 - - [14/May/2024 12:15:58] "GET /static/favicon.ico HTTP/1.1" 200 -
127.0.0.1 - - [14/May/2024 12:16:00] "GET /video_list.html HTTP/1.1" 200 -
127.0.0.1 - - [14/May/2024 12:16:47] "GET / HTTP/1.1" 200 -
127.0.0.1 - - [14/May/2024 12:16:47] "GET /static/styles/styles.css HTTP/1.1" 200 -
127.0.0.1 - - [14/May/2024 12:16:47] "GET /static/script.js HTTP/1.1" 200 -
127.0.0.1 - - [14/May/2024 12:16:47] "GET /static/favicon.ico HTTP/1.1" 200 -
127.0.0.1 - - [14/May/2024 12:16:51] "GET /data_men.html HTTP/1.1" 500 -
Traceback (most recent call last):
  File "C:\Users\nn\AppData\Local\Programs\Python\Python311\Lib\site-packages\flask\app.py", line 1488, in __call__
    return self.wsgi_app(environ, start_response)
           ^^^^^^^^^^^^^^^^^^^^^^^^^^^^^^^^^^^^^^
  File "C:\Users\nn\AppData\Local\Programs\Python\Python311\Lib\site-packages\flask\app.py", line 1466, in wsgi_app
    response = self.handle_exception(e)
               ^^^^^^^^^^^^^^^^^^^^^^^^
  File "C:\Users\nn\AppData\Local\Programs\Python\Python311\Lib\site-packages\flask\app.py", line 1463, in wsgi_app
    response = self.full_dispatch_request()
               ^^^^^^^^^^^^^^^^^^^^^^^^^^^^
  File "C:\Users\nn\AppData\Local\Programs\Python\Python311\Lib\site-packages\flask\app.py", line 872, in full_dispatch_request
    rv = self.handle_user_exception(e)
         ^^^^^^^^^^^^^^^^^^^^^^^^^^^^^
  File "C:\Users\nn\AppData\Local\Programs\Python\Python311\Lib\site-packages\flask\app.py", line 870, in full_dispatch_request
    rv = self.dispatch_request()
         ^^^^^^^^^^^^^^^^^^^^^^^
  File "C:\Users\nn\AppData\Local\Programs\Python\Python311\Lib\site-packages\flask\app.py", line 855, in dispatch_request
    return self.ensure_sync(self.view_functions[rule.endpoint])(**view_args)  # type: ignore[no-any-return]
           ^^^^^^^^^^^^^^^^^^^^^^^^^^^^^^^^^^^^^^^^^^^^^^^^^^^^^^^^^^^^^^^^^^^^^^^^^^^^^^^^^^^^^^^^^^^^^^^^
  File "C:\Users\nn\dexterslab\main.py", line 35, in data_html
    return render_template(str(page))
           ^^^^^^^^^^^^^^^^^^^^^^^^^^
  File "C:\Users\nn\AppData\Local\Programs\Python\Python311\Lib\site-packages\flask\templating.py", line 149, in render_template
    template = app.jinja_env.get_or_select_template(template_name_or_list)
               ^^^^^^^^^^^^^^^^^^^^^^^^^^^^^^^^^^^^^^^^^^^^^^^^^^^^^^^^^^^
  File "C:\Users\nn\AppData\Local\Programs\Python\Python311\Lib\site-packages\jinja2\environment.py", line 1081, in get_or_select_template
    return self.get_template(template_name_or_list, parent, globals)
           ^^^^^^^^^^^^^^^^^^^^^^^^^^^^^^^^^^^^^^^^^^^^^^^^^^^^^^^^^
  File "C:\Users\nn\AppData\Local\Programs\Python\Python311\Lib\site-packages\jinja2\environment.py", line 1010, in get_template
    return self._load_template(name, globals)
           ^^^^^^^^^^^^^^^^^^^^^^^^^^^^^^^^^^
  File "C:\Users\nn\AppData\Local\Programs\Python\Python311\Lib\site-packages\jinja2\environment.py", line 969, in _load_template
    template = self.loader.load(self, name, self.make_globals(globals))
               ^^^^^^^^^^^^^^^^^^^^^^^^^^^^^^^^^^^^^^^^^^^^^^^^^^^^^^^^
  File "C:\Users\nn\AppData\Local\Programs\Python\Python311\Lib\site-packages\jinja2\loaders.py", line 125, in load
    source, filename, uptodate = self.get_source(environment, name)
                                 ^^^^^^^^^^^^^^^^^^^^^^^^^^^^^^^^^^
  File "C:\Users\nn\AppData\Local\Programs\Python\Python311\Lib\site-packages\flask\templating.py", line 65, in get_source
    return self._get_source_fast(environment, template)
           ^^^^^^^^^^^^^^^^^^^^^^^^^^^^^^^^^^^^^^^^^^^^
  File "C:\Users\nn\AppData\Local\Programs\Python\Python311\Lib\site-packages\flask\templating.py", line 99, in _get_source_fast
    raise TemplateNotFound(template)
jinja2.exceptions.TemplateNotFound: data_men.html
127.0.0.1 - - [14/May/2024 12:16:51] "GET /data_men.html?__debugger__=yes&cmd=resource&f=style.css HTTP/1.1" 200 -
127.0.0.1 - - [14/May/2024 12:16:51] "GET /data_men.html?__debugger__=yes&cmd=resource&f=debugger.js HTTP/1.1" 200 -
127.0.0.1 - - [14/May/2024 12:16:51] "GET /data_men.html?__debugger__=yes&cmd=resource&f=console.png HTTP/1.1" 200 -
127.0.0.1 - - [14/May/2024 12:17:11] "GET / HTTP/1.1" 200 -
127.0.0.1 - - [14/May/2024 12:17:11] "GET /static/styles/styles.css HTTP/1.1" 200 -
127.0.0.1 - - [14/May/2024 12:17:11] "GET /static/script.js HTTP/1.1" 200 -
127.0.0.1 - - [14/May/2024 12:17:11] "GET /static/favicon.ico HTTP/1.1" 200 -
127.0.0.1 - - [14/May/2024 12:17:13] "GET /data_men.html HTTP/1.1" 500 -
Traceback (most recent call last):
  File "C:\Users\nn\AppData\Local\Programs\Python\Python311\Lib\site-packages\flask\app.py", line 1488, in __call__
    return self.wsgi_app(environ, start_response)
           ^^^^^^^^^^^^^^^^^^^^^^^^^^^^^^^^^^^^^^
  File "C:\Users\nn\AppData\Local\Programs\Python\Python311\Lib\site-packages\flask\app.py", line 1466, in wsgi_app
    response = self.handle_exception(e)
               ^^^^^^^^^^^^^^^^^^^^^^^^
  File "C:\Users\nn\AppData\Local\Programs\Python\Python311\Lib\site-packages\flask\app.py", line 1463, in wsgi_app
    response = self.full_dispatch_request()
               ^^^^^^^^^^^^^^^^^^^^^^^^^^^^
  File "C:\Users\nn\AppData\Local\Programs\Python\Python311\Lib\site-packages\flask\app.py", line 872, in full_dispatch_request
    rv = self.handle_user_exception(e)
         ^^^^^^^^^^^^^^^^^^^^^^^^^^^^^
  File "C:\Users\nn\AppData\Local\Programs\Python\Python311\Lib\site-packages\flask\app.py", line 870, in full_dispatch_request
    rv = self.dispatch_request()
         ^^^^^^^^^^^^^^^^^^^^^^^
  File "C:\Users\nn\AppData\Local\Programs\Python\Python311\Lib\site-packages\flask\app.py", line 855, in dispatch_request
    return self.ensure_sync(self.view_functions[rule.endpoint])(**view_args)  # type: ignore[no-any-return]
           ^^^^^^^^^^^^^^^^^^^^^^^^^^^^^^^^^^^^^^^^^^^^^^^^^^^^^^^^^^^^^^^^^^^^^^^^^^^^^^^^^^^^^^^^^^^^^^^^
  File "C:\Users\nn\dexterslab\main.py", line 35, in data_html
    return render_template(str(page))
           ^^^^^^^^^^^^^^^^^^^^^^^^^^
  File "C:\Users\nn\AppData\Local\Programs\Python\Python311\Lib\site-packages\flask\templating.py", line 149, in render_template
    template = app.jinja_env.get_or_select_template(template_name_or_list)
               ^^^^^^^^^^^^^^^^^^^^^^^^^^^^^^^^^^^^^^^^^^^^^^^^^^^^^^^^^^^
  File "C:\Users\nn\AppData\Local\Programs\Python\Python311\Lib\site-packages\jinja2\environment.py", line 1081, in get_or_select_template
    return self.get_template(template_name_or_list, parent, globals)
           ^^^^^^^^^^^^^^^^^^^^^^^^^^^^^^^^^^^^^^^^^^^^^^^^^^^^^^^^^
  File "C:\Users\nn\AppData\Local\Programs\Python\Python311\Lib\site-packages\jinja2\environment.py", line 1010, in get_template
    return self._load_template(name, globals)
           ^^^^^^^^^^^^^^^^^^^^^^^^^^^^^^^^^^
  File "C:\Users\nn\AppData\Local\Programs\Python\Python311\Lib\site-packages\jinja2\environment.py", line 969, in _load_template
    template = self.loader.load(self, name, self.make_globals(globals))
               ^^^^^^^^^^^^^^^^^^^^^^^^^^^^^^^^^^^^^^^^^^^^^^^^^^^^^^^^
  File "C:\Users\nn\AppData\Local\Programs\Python\Python311\Lib\site-packages\jinja2\loaders.py", line 125, in load
    source, filename, uptodate = self.get_source(environment, name)
                                 ^^^^^^^^^^^^^^^^^^^^^^^^^^^^^^^^^^
  File "C:\Users\nn\AppData\Local\Programs\Python\Python311\Lib\site-packages\flask\templating.py", line 65, in get_source
    return self._get_source_fast(environment, template)
           ^^^^^^^^^^^^^^^^^^^^^^^^^^^^^^^^^^^^^^^^^^^^
  File "C:\Users\nn\AppData\Local\Programs\Python\Python311\Lib\site-packages\flask\templating.py", line 99, in _get_source_fast
    raise TemplateNotFound(template)
jinja2.exceptions.TemplateNotFound: data_men.html
127.0.0.1 - - [14/May/2024 12:17:13] "GET /data_men.html?__debugger__=yes&cmd=resource&f=style.css HTTP/1.1" 200 -
127.0.0.1 - - [14/May/2024 12:17:13] "GET /data_men.html?__debugger__=yes&cmd=resource&f=debugger.js HTTP/1.1" 200 -
127.0.0.1 - - [14/May/2024 12:17:13] "GET /data_men.html?__debugger__=yes&cmd=resource&f=console.png HTTP/1.1" 200 -
127.0.0.1 - - [14/May/2024 12:17:13] "GET /data_men.html?__debugger__=yes&cmd=resource&f=console.png HTTP/1.1" 200 -
127.0.0.1 - - [14/May/2024 12:17:34] "GET / HTTP/1.1" 200 -
127.0.0.1 - - [14/May/2024 12:17:34] "GET /static/styles/styles.css HTTP/1.1" 200 -
127.0.0.1 - - [14/May/2024 12:17:34] "GET /static/script.js HTTP/1.1" 200 -
127.0.0.1 - - [14/May/2024 12:17:34] "GET /static/favicon.ico HTTP/1.1" 200 -
127.0.0.1 - - [14/May/2024 12:17:38] "GET /data_men.html HTTP/1.1" 500 -
Traceback (most recent call last):
  File "C:\Users\nn\AppData\Local\Programs\Python\Python311\Lib\site-packages\flask\app.py", line 1488, in __call__
    return self.wsgi_app(environ, start_response)
           ^^^^^^^^^^^^^^^^^^^^^^^^^^^^^^^^^^^^^^
  File "C:\Users\nn\AppData\Local\Programs\Python\Python311\Lib\site-packages\flask\app.py", line 1466, in wsgi_app
    response = self.handle_exception(e)
               ^^^^^^^^^^^^^^^^^^^^^^^^
  File "C:\Users\nn\AppData\Local\Programs\Python\Python311\Lib\site-packages\flask\app.py", line 1463, in wsgi_app
    response = self.full_dispatch_request()
               ^^^^^^^^^^^^^^^^^^^^^^^^^^^^
  File "C:\Users\nn\AppData\Local\Programs\Python\Python311\Lib\site-packages\flask\app.py", line 872, in full_dispatch_request
    rv = self.handle_user_exception(e)
         ^^^^^^^^^^^^^^^^^^^^^^^^^^^^^
  File "C:\Users\nn\AppData\Local\Programs\Python\Python311\Lib\site-packages\flask\app.py", line 870, in full_dispatch_request
    rv = self.dispatch_request()
         ^^^^^^^^^^^^^^^^^^^^^^^
  File "C:\Users\nn\AppData\Local\Programs\Python\Python311\Lib\site-packages\flask\app.py", line 855, in dispatch_request
    return self.ensure_sync(self.view_functions[rule.endpoint])(**view_args)  # type: ignore[no-any-return]
           ^^^^^^^^^^^^^^^^^^^^^^^^^^^^^^^^^^^^^^^^^^^^^^^^^^^^^^^^^^^^^^^^^^^^^^^^^^^^^^^^^^^^^^^^^^^^^^^^
  File "C:\Users\nn\dexterslab\main.py", line 35, in data_html
    return render_template(str(page))
           ^^^^^^^^^^^^^^^^^^^^^^^^^^
  File "C:\Users\nn\AppData\Local\Programs\Python\Python311\Lib\site-packages\flask\templating.py", line 149, in render_template
    template = app.jinja_env.get_or_select_template(template_name_or_list)
               ^^^^^^^^^^^^^^^^^^^^^^^^^^^^^^^^^^^^^^^^^^^^^^^^^^^^^^^^^^^
  File "C:\Users\nn\AppData\Local\Programs\Python\Python311\Lib\site-packages\jinja2\environment.py", line 1081, in get_or_select_template
    return self.get_template(template_name_or_list, parent, globals)
           ^^^^^^^^^^^^^^^^^^^^^^^^^^^^^^^^^^^^^^^^^^^^^^^^^^^^^^^^^
  File "C:\Users\nn\AppData\Local\Programs\Python\Python311\Lib\site-packages\jinja2\environment.py", line 1010, in get_template
    return self._load_template(name, globals)
           ^^^^^^^^^^^^^^^^^^^^^^^^^^^^^^^^^^
  File "C:\Users\nn\AppData\Local\Programs\Python\Python311\Lib\site-packages\jinja2\environment.py", line 969, in _load_template
    template = self.loader.load(self, name, self.make_globals(globals))
               ^^^^^^^^^^^^^^^^^^^^^^^^^^^^^^^^^^^^^^^^^^^^^^^^^^^^^^^^
  File "C:\Users\nn\AppData\Local\Programs\Python\Python311\Lib\site-packages\jinja2\loaders.py", line 125, in load
    source, filename, uptodate = self.get_source(environment, name)
                                 ^^^^^^^^^^^^^^^^^^^^^^^^^^^^^^^^^^
  File "C:\Users\nn\AppData\Local\Programs\Python\Python311\Lib\site-packages\flask\templating.py", line 65, in get_source
    return self._get_source_fast(environment, template)
           ^^^^^^^^^^^^^^^^^^^^^^^^^^^^^^^^^^^^^^^^^^^^
  File "C:\Users\nn\AppData\Local\Programs\Python\Python311\Lib\site-packages\flask\templating.py", line 99, in _get_source_fast
    raise TemplateNotFound(template)
jinja2.exceptions.TemplateNotFound: data_men.html
127.0.0.1 - - [14/May/2024 12:17:38] "GET /data_men.html?__debugger__=yes&cmd=resource&f=style.css HTTP/1.1" 200 -
127.0.0.1 - - [14/May/2024 12:17:38] "GET /data_men.html?__debugger__=yes&cmd=resource&f=debugger.js HTTP/1.1" 200 -
127.0.0.1 - - [14/May/2024 12:17:38] "GET /data_men.html?__debugger__=yes&cmd=resource&f=console.png HTTP/1.1" 200 -
127.0.0.1 - - [14/May/2024 12:17:38] "GET /data_men.html?__debugger__=yes&cmd=resource&f=console.png HTTP/1.1" 200 -
127.0.0.1 - - [14/May/2024 12:18:03] "GET / HTTP/1.1" 200 -
127.0.0.1 - - [14/May/2024 12:18:03] "GET /static/styles/styles.css HTTP/1.1" 200 -
127.0.0.1 - - [14/May/2024 12:18:03] "GET /static/script.js HTTP/1.1" 200 -
127.0.0.1 - - [14/May/2024 12:18:03] "GET /static/favicon.ico HTTP/1.1" 200 -
127.0.0.1 - - [14/May/2024 12:18:07] "GET /data_men.html HTTP/1.1" 500 -
Traceback (most recent call last):
  File "C:\Users\nn\AppData\Local\Programs\Python\Python311\Lib\site-packages\flask\app.py", line 1488, in __call__
    return self.wsgi_app(environ, start_response)
           ^^^^^^^^^^^^^^^^^^^^^^^^^^^^^^^^^^^^^^
  File "C:\Users\nn\AppData\Local\Programs\Python\Python311\Lib\site-packages\flask\app.py", line 1466, in wsgi_app
    response = self.handle_exception(e)
               ^^^^^^^^^^^^^^^^^^^^^^^^
  File "C:\Users\nn\AppData\Local\Programs\Python\Python311\Lib\site-packages\flask\app.py", line 1463, in wsgi_app
    response = self.full_dispatch_request()
               ^^^^^^^^^^^^^^^^^^^^^^^^^^^^
  File "C:\Users\nn\AppData\Local\Programs\Python\Python311\Lib\site-packages\flask\app.py", line 872, in full_dispatch_request
    rv = self.handle_user_exception(e)
         ^^^^^^^^^^^^^^^^^^^^^^^^^^^^^
  File "C:\Users\nn\AppData\Local\Programs\Python\Python311\Lib\site-packages\flask\app.py", line 870, in full_dispatch_request
    rv = self.dispatch_request()
         ^^^^^^^^^^^^^^^^^^^^^^^
  File "C:\Users\nn\AppData\Local\Programs\Python\Python311\Lib\site-packages\flask\app.py", line 855, in dispatch_request
    return self.ensure_sync(self.view_functions[rule.endpoint])(**view_args)  # type: ignore[no-any-return]
           ^^^^^^^^^^^^^^^^^^^^^^^^^^^^^^^^^^^^^^^^^^^^^^^^^^^^^^^^^^^^^^^^^^^^^^^^^^^^^^^^^^^^^^^^^^^^^^^^
  File "C:\Users\nn\dexterslab\main.py", line 35, in data_html
    return render_template(str(page))
           ^^^^^^^^^^^^^^^^^^^^^^^^^^
  File "C:\Users\nn\AppData\Local\Programs\Python\Python311\Lib\site-packages\flask\templating.py", line 149, in render_template
    template = app.jinja_env.get_or_select_template(template_name_or_list)
               ^^^^^^^^^^^^^^^^^^^^^^^^^^^^^^^^^^^^^^^^^^^^^^^^^^^^^^^^^^^
  File "C:\Users\nn\AppData\Local\Programs\Python\Python311\Lib\site-packages\jinja2\environment.py", line 1081, in get_or_select_template
    return self.get_template(template_name_or_list, parent, globals)
           ^^^^^^^^^^^^^^^^^^^^^^^^^^^^^^^^^^^^^^^^^^^^^^^^^^^^^^^^^
  File "C:\Users\nn\AppData\Local\Programs\Python\Python311\Lib\site-packages\jinja2\environment.py", line 1010, in get_template
    return self._load_template(name, globals)
           ^^^^^^^^^^^^^^^^^^^^^^^^^^^^^^^^^^
  File "C:\Users\nn\AppData\Local\Programs\Python\Python311\Lib\site-packages\jinja2\environment.py", line 969, in _load_template
    template = self.loader.load(self, name, self.make_globals(globals))
               ^^^^^^^^^^^^^^^^^^^^^^^^^^^^^^^^^^^^^^^^^^^^^^^^^^^^^^^^
  File "C:\Users\nn\AppData\Local\Programs\Python\Python311\Lib\site-packages\jinja2\loaders.py", line 125, in load
    source, filename, uptodate = self.get_source(environment, name)
                                 ^^^^^^^^^^^^^^^^^^^^^^^^^^^^^^^^^^
  File "C:\Users\nn\AppData\Local\Programs\Python\Python311\Lib\site-packages\flask\templating.py", line 65, in get_source
    return self._get_source_fast(environment, template)
           ^^^^^^^^^^^^^^^^^^^^^^^^^^^^^^^^^^^^^^^^^^^^
  File "C:\Users\nn\AppData\Local\Programs\Python\Python311\Lib\site-packages\flask\templating.py", line 99, in _get_source_fast
    raise TemplateNotFound(template)
jinja2.exceptions.TemplateNotFound: data_men.html
127.0.0.1 - - [14/May/2024 12:18:07] "GET /data_men.html?__debugger__=yes&cmd=resource&f=style.css HTTP/1.1" 200 -
127.0.0.1 - - [14/May/2024 12:18:07] "GET /data_men.html?__debugger__=yes&cmd=resource&f=debugger.js HTTP/1.1" 200 -
127.0.0.1 - - [14/May/2024 12:18:07] "GET /data_men.html?__debugger__=yes&cmd=resource&f=console.png HTTP/1.1" 200 -
127.0.0.1 - - [14/May/2024 12:18:07] "GET /data_men.html?__debugger__=yes&cmd=resource&f=console.png HTTP/1.1" 200 -
127.0.0.1 - - [14/May/2024 12:21:58] "GET / HTTP/1.1" 200 -
127.0.0.1 - - [14/May/2024 12:21:58] "GET /static/styles/styles.css HTTP/1.1" 200 -
127.0.0.1 - - [14/May/2024 12:21:58] "GET /static/script.js HTTP/1.1" 200 -
127.0.0.1 - - [14/May/2024 12:21:58] "GET /static/favicon.ico HTTP/1.1" 200 -
127.0.0.1 - - [14/May/2024 12:22:00] "GET /video_list.html HTTP/1.1" 200 -
127.0.0.1 - - [14/May/2024 12:22:47] "GET / HTTP/1.1" 200 -
127.0.0.1 - - [14/May/2024 12:22:47] "GET /static/styles/styles.css HTTP/1.1" 200 -
127.0.0.1 - - [14/May/2024 12:22:47] "GET /static/script.js HTTP/1.1" 200 -
127.0.0.1 - - [14/May/2024 12:22:47] "GET /static/favicon.ico HTTP/1.1" 200 -
127.0.0.1 - - [14/May/2024 12:22:51] "GET /data_men.html HTTP/1.1" 200 -
127.0.0.1 - - [14/May/2024 12:22:51] "GET /static/styles/data.css HTTP/1.1" 200 -
127.0.0.1 - - [14/May/2024 12:22:51] "GET /static/data.js HTTP/1.1" 200 -
127.0.0.1 - - [14/May/2024 12:22:52] "GET /data/data_ HTTP/1.1" 500 -
Traceback (most recent call last):
  File "C:\Users\nn\AppData\Local\Programs\Python\Python311\Lib\site-packages\sqlalchemy\engine\base.py", line 1960, in _exec_single_context
    self.dialect.do_execute(
  File "C:\Users\nn\AppData\Local\Programs\Python\Python311\Lib\site-packages\sqlalchemy\engine\default.py", line 924, in do_execute
    cursor.execute(statement, parameters)
psycopg2.errors.UndefinedTable: FEHLER:  Relation »data_« existiert nicht
LINE 1: SELECT id, aspect, value FROM data_
                                      ^


The above exception was the direct cause of the following exception:

Traceback (most recent call last):
  File "C:\Users\nn\AppData\Local\Programs\Python\Python311\Lib\site-packages\flask\app.py", line 1488, in __call__
    return self.wsgi_app(environ, start_response)
           ^^^^^^^^^^^^^^^^^^^^^^^^^^^^^^^^^^^^^^
  File "C:\Users\nn\AppData\Local\Programs\Python\Python311\Lib\site-packages\flask\app.py", line 1466, in wsgi_app
    response = self.handle_exception(e)
               ^^^^^^^^^^^^^^^^^^^^^^^^
  File "C:\Users\nn\AppData\Local\Programs\Python\Python311\Lib\site-packages\flask\app.py", line 1463, in wsgi_app
    response = self.full_dispatch_request()
               ^^^^^^^^^^^^^^^^^^^^^^^^^^^^
  File "C:\Users\nn\AppData\Local\Programs\Python\Python311\Lib\site-packages\flask\app.py", line 872, in full_dispatch_request
    rv = self.handle_user_exception(e)
         ^^^^^^^^^^^^^^^^^^^^^^^^^^^^^
  File "C:\Users\nn\AppData\Local\Programs\Python\Python311\Lib\site-packages\flask\app.py", line 870, in full_dispatch_request
    rv = self.dispatch_request()
         ^^^^^^^^^^^^^^^^^^^^^^^
  File "C:\Users\nn\AppData\Local\Programs\Python\Python311\Lib\site-packages\flask\app.py", line 855, in dispatch_request
    return self.ensure_sync(self.view_functions[rule.endpoint])(**view_args)  # type: ignore[no-any-return]
           ^^^^^^^^^^^^^^^^^^^^^^^^^^^^^^^^^^^^^^^^^^^^^^^^^^^^^^^^^^^^^^^^^^^^^^^^^^^^^^^^^^^^^^^^^^^^^^^^
  File "C:\Users\nn\dexterslab\main.py", line 45, in get_data
    json_array = Model.read_data(table_name)
                 ^^^^^^^^^^^^^^^^^^^^^^^^^^^
  File "C:\Users\nn\dexterslab\Library\model.py", line 4, in read_data
    result = basic_backend.read_data(table_name)
            ^^^^^^^^^^^^^^^^^^^^^^^^^^^^^^^^^^^
  File "C:\Users\nn\dexterslab\Library\basic_backend.py", line 29, in read_data
    result= session.execute(text(query))
            ^^^^^^^^^^^^^^^^^^^^^^^^^^^^
  File "C:\Users\nn\AppData\Local\Programs\Python\Python311\Lib\site-packages\sqlalchemy\orm\session.py", line 2306, in execute
    return self._execute_internal(
           ^^^^^^^^^^^^^^^^^^^^^^^
  File "C:\Users\nn\AppData\Local\Programs\Python\Python311\Lib\site-packages\sqlalchemy\orm\session.py", line 2200, in _execute_internal
    result = conn.execute(
             ^^^^^^^^^^^^^
  File "C:\Users\nn\AppData\Local\Programs\Python\Python311\Lib\site-packages\sqlalchemy\engine\base.py", line 1408, in execute
    return meth(
           ^^^^^
  File "C:\Users\nn\AppData\Local\Programs\Python\Python311\Lib\site-packages\sqlalchemy\sql\elements.py", line 513, in _execute_on_connection
    return connection._execute_clauseelement(
           ^^^^^^^^^^^^^^^^^^^^^^^^^^^^^^^^^^
  File "C:\Users\nn\AppData\Local\Programs\Python\Python311\Lib\site-packages\sqlalchemy\engine\base.py", line 1630, in _execute_clauseelement
    ret = self._execute_context(
          ^^^^^^^^^^^^^^^^^^^^^^
  File "C:\Users\nn\AppData\Local\Programs\Python\Python311\Lib\site-packages\sqlalchemy\engine\base.py", line 1839, in _execute_context
    return self._exec_single_context(
           ^^^^^^^^^^^^^^^^^^^^^^^^^^
  File "C:\Users\nn\AppData\Local\Programs\Python\Python311\Lib\site-packages\sqlalchemy\engine\base.py", line 1979, in _exec_single_context
    self._handle_dbapi_exception(
  File "C:\Users\nn\AppData\Local\Programs\Python\Python311\Lib\site-packages\sqlalchemy\engine\base.py", line 2335, in _handle_dbapi_exception
    raise sqlalchemy_exception.with_traceback(exc_info[2]) from e
  File "C:\Users\nn\AppData\Local\Programs\Python\Python311\Lib\site-packages\sqlalchemy\engine\base.py", line 1960, in _exec_single_context
    self.dialect.do_execute(
  File "C:\Users\nn\AppData\Local\Programs\Python\Python311\Lib\site-packages\sqlalchemy\engine\default.py", line 924, in do_execute
    cursor.execute(statement, parameters)
sqlalchemy.exc.ProgrammingError: (psycopg2.errors.UndefinedTable) FEHLER:  Relation »data_« existiert nicht
LINE 1: SELECT id, aspect, value FROM data_
                                      ^

[SQL: SELECT id, aspect, value FROM data_]
(Background on this error at: https://sqlalche.me/e/20/f405)
127.0.0.1 - - [14/May/2024 12:23:10] "GET / HTTP/1.1" 200 -
127.0.0.1 - - [14/May/2024 12:23:10] "GET /static/styles/styles.css HTTP/1.1" 200 -
127.0.0.1 - - [14/May/2024 12:23:10] "GET /static/script.js HTTP/1.1" 200 -
127.0.0.1 - - [14/May/2024 12:23:10] "GET /static/favicon.ico HTTP/1.1" 200 -
127.0.0.1 - - [14/May/2024 12:23:11] "GET /data_men.html HTTP/1.1" 200 -
127.0.0.1 - - [14/May/2024 12:23:11] "GET /static/styles/data.css HTTP/1.1" 200 -
127.0.0.1 - - [14/May/2024 12:23:11] "GET /static/data.js HTTP/1.1" 200 -
127.0.0.1 - - [14/May/2024 12:23:12] "GET /data/data_ HTTP/1.1" 500 -
Traceback (most recent call last):
  File "C:\Users\nn\AppData\Local\Programs\Python\Python311\Lib\site-packages\sqlalchemy\engine\base.py", line 1960, in _exec_single_context
    self.dialect.do_execute(
  File "C:\Users\nn\AppData\Local\Programs\Python\Python311\Lib\site-packages\sqlalchemy\engine\default.py", line 924, in do_execute
    cursor.execute(statement, parameters)
psycopg2.errors.UndefinedTable: FEHLER:  Relation »data_« existiert nicht
LINE 1: SELECT id, aspect, value FROM data_
                                      ^


The above exception was the direct cause of the following exception:

Traceback (most recent call last):
  File "C:\Users\nn\AppData\Local\Programs\Python\Python311\Lib\site-packages\flask\app.py", line 1488, in __call__
    return self.wsgi_app(environ, start_response)
           ^^^^^^^^^^^^^^^^^^^^^^^^^^^^^^^^^^^^^^
  File "C:\Users\nn\AppData\Local\Programs\Python\Python311\Lib\site-packages\flask\app.py", line 1466, in wsgi_app
    response = self.handle_exception(e)
               ^^^^^^^^^^^^^^^^^^^^^^^^
  File "C:\Users\nn\AppData\Local\Programs\Python\Python311\Lib\site-packages\flask\app.py", line 1463, in wsgi_app
    response = self.full_dispatch_request()
               ^^^^^^^^^^^^^^^^^^^^^^^^^^^^
  File "C:\Users\nn\AppData\Local\Programs\Python\Python311\Lib\site-packages\flask\app.py", line 872, in full_dispatch_request
    rv = self.handle_user_exception(e)
         ^^^^^^^^^^^^^^^^^^^^^^^^^^^^^
  File "C:\Users\nn\AppData\Local\Programs\Python\Python311\Lib\site-packages\flask\app.py", line 870, in full_dispatch_request
    rv = self.dispatch_request()
         ^^^^^^^^^^^^^^^^^^^^^^^
  File "C:\Users\nn\AppData\Local\Programs\Python\Python311\Lib\site-packages\flask\app.py", line 855, in dispatch_request
    return self.ensure_sync(self.view_functions[rule.endpoint])(**view_args)  # type: ignore[no-any-return]
           ^^^^^^^^^^^^^^^^^^^^^^^^^^^^^^^^^^^^^^^^^^^^^^^^^^^^^^^^^^^^^^^^^^^^^^^^^^^^^^^^^^^^^^^^^^^^^^^^
  File "C:\Users\nn\dexterslab\main.py", line 45, in get_data
    json_array = Model.read_data(table_name)
                 ^^^^^^^^^^^^^^^^^^^^^^^^^^^
  File "C:\Users\nn\dexterslab\Library\model.py", line 4, in read_data
    result = basic_backend.read_data(table_name)
            ^^^^^^^^^^^^^^^^^^^^^^^^^^^^^^^^^^^
  File "C:\Users\nn\dexterslab\Library\basic_backend.py", line 29, in read_data
    result= session.execute(text(query))
            ^^^^^^^^^^^^^^^^^^^^^^^^^^^^
  File "C:\Users\nn\AppData\Local\Programs\Python\Python311\Lib\site-packages\sqlalchemy\orm\session.py", line 2306, in execute
    return self._execute_internal(
           ^^^^^^^^^^^^^^^^^^^^^^^
  File "C:\Users\nn\AppData\Local\Programs\Python\Python311\Lib\site-packages\sqlalchemy\orm\session.py", line 2200, in _execute_internal
    result = conn.execute(
             ^^^^^^^^^^^^^
  File "C:\Users\nn\AppData\Local\Programs\Python\Python311\Lib\site-packages\sqlalchemy\engine\base.py", line 1408, in execute
    return meth(
           ^^^^^
  File "C:\Users\nn\AppData\Local\Programs\Python\Python311\Lib\site-packages\sqlalchemy\sql\elements.py", line 513, in _execute_on_connection
    return connection._execute_clauseelement(
           ^^^^^^^^^^^^^^^^^^^^^^^^^^^^^^^^^^
  File "C:\Users\nn\AppData\Local\Programs\Python\Python311\Lib\site-packages\sqlalchemy\engine\base.py", line 1630, in _execute_clauseelement
    ret = self._execute_context(
          ^^^^^^^^^^^^^^^^^^^^^^
  File "C:\Users\nn\AppData\Local\Programs\Python\Python311\Lib\site-packages\sqlalchemy\engine\base.py", line 1839, in _execute_context
    return self._exec_single_context(
           ^^^^^^^^^^^^^^^^^^^^^^^^^^
  File "C:\Users\nn\AppData\Local\Programs\Python\Python311\Lib\site-packages\sqlalchemy\engine\base.py", line 1979, in _exec_single_context
    self._handle_dbapi_exception(
  File "C:\Users\nn\AppData\Local\Programs\Python\Python311\Lib\site-packages\sqlalchemy\engine\base.py", line 2335, in _handle_dbapi_exception
    raise sqlalchemy_exception.with_traceback(exc_info[2]) from e
  File "C:\Users\nn\AppData\Local\Programs\Python\Python311\Lib\site-packages\sqlalchemy\engine\base.py", line 1960, in _exec_single_context
    self.dialect.do_execute(
  File "C:\Users\nn\AppData\Local\Programs\Python\Python311\Lib\site-packages\sqlalchemy\engine\default.py", line 924, in do_execute
    cursor.execute(statement, parameters)
sqlalchemy.exc.ProgrammingError: (psycopg2.errors.UndefinedTable) FEHLER:  Relation »data_« existiert nicht
LINE 1: SELECT id, aspect, value FROM data_
                                      ^

[SQL: SELECT id, aspect, value FROM data_]
(Background on this error at: https://sqlalche.me/e/20/f405)
127.0.0.1 - - [14/May/2024 12:23:33] "GET / HTTP/1.1" 200 -
127.0.0.1 - - [14/May/2024 12:23:33] "GET /static/styles/styles.css HTTP/1.1" 200 -
127.0.0.1 - - [14/May/2024 12:23:33] "GET /static/script.js HTTP/1.1" 200 -
127.0.0.1 - - [14/May/2024 12:23:33] "GET /static/favicon.ico HTTP/1.1" 200 -
127.0.0.1 - - [14/May/2024 12:23:36] "GET /data_men.html HTTP/1.1" 200 -
127.0.0.1 - - [14/May/2024 12:23:36] "GET /static/styles/data.css HTTP/1.1" 200 -
127.0.0.1 - - [14/May/2024 12:23:36] "GET /static/data.js HTTP/1.1" 200 -
127.0.0.1 - - [14/May/2024 12:23:37] "GET /data/data_ HTTP/1.1" 500 -
Traceback (most recent call last):
  File "C:\Users\nn\AppData\Local\Programs\Python\Python311\Lib\site-packages\sqlalchemy\engine\base.py", line 1960, in _exec_single_context
    self.dialect.do_execute(
  File "C:\Users\nn\AppData\Local\Programs\Python\Python311\Lib\site-packages\sqlalchemy\engine\default.py", line 924, in do_execute
    cursor.execute(statement, parameters)
psycopg2.errors.UndefinedTable: FEHLER:  Relation »data_« existiert nicht
LINE 1: SELECT id, aspect, value FROM data_
                                      ^


The above exception was the direct cause of the following exception:

Traceback (most recent call last):
  File "C:\Users\nn\AppData\Local\Programs\Python\Python311\Lib\site-packages\flask\app.py", line 1488, in __call__
    return self.wsgi_app(environ, start_response)
           ^^^^^^^^^^^^^^^^^^^^^^^^^^^^^^^^^^^^^^
  File "C:\Users\nn\AppData\Local\Programs\Python\Python311\Lib\site-packages\flask\app.py", line 1466, in wsgi_app
    response = self.handle_exception(e)
               ^^^^^^^^^^^^^^^^^^^^^^^^
  File "C:\Users\nn\AppData\Local\Programs\Python\Python311\Lib\site-packages\flask\app.py", line 1463, in wsgi_app
    response = self.full_dispatch_request()
               ^^^^^^^^^^^^^^^^^^^^^^^^^^^^
  File "C:\Users\nn\AppData\Local\Programs\Python\Python311\Lib\site-packages\flask\app.py", line 872, in full_dispatch_request
    rv = self.handle_user_exception(e)
         ^^^^^^^^^^^^^^^^^^^^^^^^^^^^^
  File "C:\Users\nn\AppData\Local\Programs\Python\Python311\Lib\site-packages\flask\app.py", line 870, in full_dispatch_request
    rv = self.dispatch_request()
         ^^^^^^^^^^^^^^^^^^^^^^^
  File "C:\Users\nn\AppData\Local\Programs\Python\Python311\Lib\site-packages\flask\app.py", line 855, in dispatch_request
    return self.ensure_sync(self.view_functions[rule.endpoint])(**view_args)  # type: ignore[no-any-return]
           ^^^^^^^^^^^^^^^^^^^^^^^^^^^^^^^^^^^^^^^^^^^^^^^^^^^^^^^^^^^^^^^^^^^^^^^^^^^^^^^^^^^^^^^^^^^^^^^^
  File "C:\Users\nn\dexterslab\main.py", line 45, in get_data
    json_array = Model.read_data(table_name)
                 ^^^^^^^^^^^^^^^^^^^^^^^^^^^
  File "C:\Users\nn\dexterslab\Library\model.py", line 4, in read_data
    result = basic_backend.read_data(table_name)
            ^^^^^^^^^^^^^^^^^^^^^^^^^^^^^^^^^^^
  File "C:\Users\nn\dexterslab\Library\basic_backend.py", line 29, in read_data
    result= session.execute(text(query))
            ^^^^^^^^^^^^^^^^^^^^^^^^^^^^
  File "C:\Users\nn\AppData\Local\Programs\Python\Python311\Lib\site-packages\sqlalchemy\orm\session.py", line 2306, in execute
    return self._execute_internal(
           ^^^^^^^^^^^^^^^^^^^^^^^
  File "C:\Users\nn\AppData\Local\Programs\Python\Python311\Lib\site-packages\sqlalchemy\orm\session.py", line 2200, in _execute_internal
    result = conn.execute(
             ^^^^^^^^^^^^^
  File "C:\Users\nn\AppData\Local\Programs\Python\Python311\Lib\site-packages\sqlalchemy\engine\base.py", line 1408, in execute
    return meth(
           ^^^^^
  File "C:\Users\nn\AppData\Local\Programs\Python\Python311\Lib\site-packages\sqlalchemy\sql\elements.py", line 513, in _execute_on_connection
    return connection._execute_clauseelement(
           ^^^^^^^^^^^^^^^^^^^^^^^^^^^^^^^^^^
  File "C:\Users\nn\AppData\Local\Programs\Python\Python311\Lib\site-packages\sqlalchemy\engine\base.py", line 1630, in _execute_clauseelement
    ret = self._execute_context(
          ^^^^^^^^^^^^^^^^^^^^^^
  File "C:\Users\nn\AppData\Local\Programs\Python\Python311\Lib\site-packages\sqlalchemy\engine\base.py", line 1839, in _execute_context
    return self._exec_single_context(
           ^^^^^^^^^^^^^^^^^^^^^^^^^^
  File "C:\Users\nn\AppData\Local\Programs\Python\Python311\Lib\site-packages\sqlalchemy\engine\base.py", line 1979, in _exec_single_context
    self._handle_dbapi_exception(
  File "C:\Users\nn\AppData\Local\Programs\Python\Python311\Lib\site-packages\sqlalchemy\engine\base.py", line 2335, in _handle_dbapi_exception
    raise sqlalchemy_exception.with_traceback(exc_info[2]) from e
  File "C:\Users\nn\AppData\Local\Programs\Python\Python311\Lib\site-packages\sqlalchemy\engine\base.py", line 1960, in _exec_single_context
    self.dialect.do_execute(
  File "C:\Users\nn\AppData\Local\Programs\Python\Python311\Lib\site-packages\sqlalchemy\engine\default.py", line 924, in do_execute
    cursor.execute(statement, parameters)
sqlalchemy.exc.ProgrammingError: (psycopg2.errors.UndefinedTable) FEHLER:  Relation »data_« existiert nicht
LINE 1: SELECT id, aspect, value FROM data_
                                      ^

[SQL: SELECT id, aspect, value FROM data_]
(Background on this error at: https://sqlalche.me/e/20/f405)
127.0.0.1 - - [14/May/2024 12:23:55] "GET / HTTP/1.1" 200 -
127.0.0.1 - - [14/May/2024 12:23:55] "GET /static/script.js HTTP/1.1" 200 -
127.0.0.1 - - [14/May/2024 12:23:55] "GET /static/styles/styles.css HTTP/1.1" 200 -
127.0.0.1 - - [14/May/2024 12:23:55] "GET /static/favicon.ico HTTP/1.1" 200 -
127.0.0.1 - - [14/May/2024 12:24:00] "GET /data_men.html HTTP/1.1" 200 -
127.0.0.1 - - [14/May/2024 12:24:00] "GET /static/styles/data.css HTTP/1.1" 200 -
127.0.0.1 - - [14/May/2024 12:24:00] "GET /static/data.js HTTP/1.1" 200 -
127.0.0.1 - - [14/May/2024 12:24:00] "GET /data/data_ HTTP/1.1" 500 -
Traceback (most recent call last):
  File "C:\Users\nn\AppData\Local\Programs\Python\Python311\Lib\site-packages\sqlalchemy\engine\base.py", line 1960, in _exec_single_context
    self.dialect.do_execute(
  File "C:\Users\nn\AppData\Local\Programs\Python\Python311\Lib\site-packages\sqlalchemy\engine\default.py", line 924, in do_execute
    cursor.execute(statement, parameters)
psycopg2.errors.UndefinedTable: FEHLER:  Relation »data_« existiert nicht
LINE 1: SELECT id, aspect, value FROM data_
                                      ^


The above exception was the direct cause of the following exception:

Traceback (most recent call last):
  File "C:\Users\nn\AppData\Local\Programs\Python\Python311\Lib\site-packages\flask\app.py", line 1488, in __call__
    return self.wsgi_app(environ, start_response)
           ^^^^^^^^^^^^^^^^^^^^^^^^^^^^^^^^^^^^^^
  File "C:\Users\nn\AppData\Local\Programs\Python\Python311\Lib\site-packages\flask\app.py", line 1466, in wsgi_app
    response = self.handle_exception(e)
               ^^^^^^^^^^^^^^^^^^^^^^^^
  File "C:\Users\nn\AppData\Local\Programs\Python\Python311\Lib\site-packages\flask\app.py", line 1463, in wsgi_app
    response = self.full_dispatch_request()
               ^^^^^^^^^^^^^^^^^^^^^^^^^^^^
  File "C:\Users\nn\AppData\Local\Programs\Python\Python311\Lib\site-packages\flask\app.py", line 872, in full_dispatch_request
    rv = self.handle_user_exception(e)
         ^^^^^^^^^^^^^^^^^^^^^^^^^^^^^
  File "C:\Users\nn\AppData\Local\Programs\Python\Python311\Lib\site-packages\flask\app.py", line 870, in full_dispatch_request
    rv = self.dispatch_request()
         ^^^^^^^^^^^^^^^^^^^^^^^
  File "C:\Users\nn\AppData\Local\Programs\Python\Python311\Lib\site-packages\flask\app.py", line 855, in dispatch_request
    return self.ensure_sync(self.view_functions[rule.endpoint])(**view_args)  # type: ignore[no-any-return]
           ^^^^^^^^^^^^^^^^^^^^^^^^^^^^^^^^^^^^^^^^^^^^^^^^^^^^^^^^^^^^^^^^^^^^^^^^^^^^^^^^^^^^^^^^^^^^^^^^
  File "C:\Users\nn\dexterslab\main.py", line 45, in get_data
    json_array = Model.read_data(table_name)
                 ^^^^^^^^^^^^^^^^^^^^^^^^^^^
  File "C:\Users\nn\dexterslab\Library\model.py", line 4, in read_data
    result = basic_backend.read_data(table_name)
            ^^^^^^^^^^^^^^^^^^^^^^^^^^^^^^^^^^^
  File "C:\Users\nn\dexterslab\Library\basic_backend.py", line 29, in read_data
    result= session.execute(text(query))
            ^^^^^^^^^^^^^^^^^^^^^^^^^^^^
  File "C:\Users\nn\AppData\Local\Programs\Python\Python311\Lib\site-packages\sqlalchemy\orm\session.py", line 2306, in execute
    return self._execute_internal(
           ^^^^^^^^^^^^^^^^^^^^^^^
  File "C:\Users\nn\AppData\Local\Programs\Python\Python311\Lib\site-packages\sqlalchemy\orm\session.py", line 2200, in _execute_internal
    result = conn.execute(
             ^^^^^^^^^^^^^
  File "C:\Users\nn\AppData\Local\Programs\Python\Python311\Lib\site-packages\sqlalchemy\engine\base.py", line 1408, in execute
    return meth(
           ^^^^^
  File "C:\Users\nn\AppData\Local\Programs\Python\Python311\Lib\site-packages\sqlalchemy\sql\elements.py", line 513, in _execute_on_connection
    return connection._execute_clauseelement(
           ^^^^^^^^^^^^^^^^^^^^^^^^^^^^^^^^^^
  File "C:\Users\nn\AppData\Local\Programs\Python\Python311\Lib\site-packages\sqlalchemy\engine\base.py", line 1630, in _execute_clauseelement
    ret = self._execute_context(
          ^^^^^^^^^^^^^^^^^^^^^^
  File "C:\Users\nn\AppData\Local\Programs\Python\Python311\Lib\site-packages\sqlalchemy\engine\base.py", line 1839, in _execute_context
    return self._exec_single_context(
           ^^^^^^^^^^^^^^^^^^^^^^^^^^
  File "C:\Users\nn\AppData\Local\Programs\Python\Python311\Lib\site-packages\sqlalchemy\engine\base.py", line 1979, in _exec_single_context
    self._handle_dbapi_exception(
  File "C:\Users\nn\AppData\Local\Programs\Python\Python311\Lib\site-packages\sqlalchemy\engine\base.py", line 2335, in _handle_dbapi_exception
    raise sqlalchemy_exception.with_traceback(exc_info[2]) from e
  File "C:\Users\nn\AppData\Local\Programs\Python\Python311\Lib\site-packages\sqlalchemy\engine\base.py", line 1960, in _exec_single_context
    self.dialect.do_execute(
  File "C:\Users\nn\AppData\Local\Programs\Python\Python311\Lib\site-packages\sqlalchemy\engine\default.py", line 924, in do_execute
    cursor.execute(statement, parameters)
sqlalchemy.exc.ProgrammingError: (psycopg2.errors.UndefinedTable) FEHLER:  Relation »data_« existiert nicht
LINE 1: SELECT id, aspect, value FROM data_
                                      ^

[SQL: SELECT id, aspect, value FROM data_]
(Background on this error at: https://sqlalche.me/e/20/f405)
127.0.0.1 - - [14/May/2024 12:27:32] "GET / HTTP/1.1" 200 -
127.0.0.1 - - [14/May/2024 12:27:32] "GET /static/styles/styles.css HTTP/1.1" 200 -
127.0.0.1 - - [14/May/2024 12:27:32] "GET /static/script.js HTTP/1.1" 200 -
127.0.0.1 - - [14/May/2024 12:27:32] "GET /static/favicon.ico HTTP/1.1" 200 -
127.0.0.1 - - [14/May/2024 12:27:36] "GET /data_men.html HTTP/1.1" 200 -
127.0.0.1 - - [14/May/2024 12:27:36] "GET /static/styles/data.css HTTP/1.1" 200 -
127.0.0.1 - - [14/May/2024 12:27:36] "GET /static/data.js HTTP/1.1" 200 -
127.0.0.1 - - [14/May/2024 12:27:37] "GET /data/data_men HTTP/1.1" 200 -
127.0.0.1 - - [14/May/2024 12:28:20] "GET / HTTP/1.1" 200 -
127.0.0.1 - - [14/May/2024 12:28:20] "GET /static/script.js HTTP/1.1" 200 -
127.0.0.1 - - [14/May/2024 12:28:20] "GET /static/styles/styles.css HTTP/1.1" 200 -
127.0.0.1 - - [14/May/2024 12:28:20] "GET /static/favicon.ico HTTP/1.1" 200 -
127.0.0.1 - - [14/May/2024 12:28:22] "GET /video_list.html HTTP/1.1" 200 -
127.0.0.1 - - [14/May/2024 12:29:09] "GET / HTTP/1.1" 200 -
127.0.0.1 - - [14/May/2024 12:29:09] "GET /static/styles/styles.css HTTP/1.1" 200 -
127.0.0.1 - - [14/May/2024 12:29:09] "GET /static/script.js HTTP/1.1" 200 -
127.0.0.1 - - [14/May/2024 12:29:09] "GET /static/favicon.ico HTTP/1.1" 200 -
127.0.0.1 - - [14/May/2024 12:29:12] "GET /data_men.html HTTP/1.1" 200 -
127.0.0.1 - - [14/May/2024 12:29:12] "GET /static/styles/data.css HTTP/1.1" 200 -
127.0.0.1 - - [14/May/2024 12:29:12] "GET /static/data.js HTTP/1.1" 200 -
127.0.0.1 - - [14/May/2024 12:29:13] "GET /data/data_men HTTP/1.1" 200 -
127.0.0.1 - - [14/May/2024 12:29:31] "GET / HTTP/1.1" 200 -
127.0.0.1 - - [14/May/2024 12:29:31] "GET /static/styles/styles.css HTTP/1.1" 200 -
127.0.0.1 - - [14/May/2024 12:29:31] "GET /static/script.js HTTP/1.1" 200 -
127.0.0.1 - - [14/May/2024 12:29:31] "GET /static/favicon.ico HTTP/1.1" 200 -
127.0.0.1 - - [14/May/2024 12:29:33] "GET /data_men.html HTTP/1.1" 200 -
127.0.0.1 - - [14/May/2024 12:29:33] "GET /static/styles/data.css HTTP/1.1" 200 -
127.0.0.1 - - [14/May/2024 12:29:33] "GET /static/data.js HTTP/1.1" 200 -
127.0.0.1 - - [14/May/2024 12:29:33] "GET /data/data_men HTTP/1.1" 200 -
127.0.0.1 - - [14/May/2024 12:29:45] "POST /update_row HTTP/1.1" 200 -
127.0.0.1 - - [14/May/2024 12:29:45] "GET /data_men.html HTTP/1.1" 200 -
127.0.0.1 - - [14/May/2024 12:29:45] "GET /static/styles/data.css HTTP/1.1" 200 -
127.0.0.1 - - [14/May/2024 12:29:45] "GET /static/data.js HTTP/1.1" 200 -
127.0.0.1 - - [14/May/2024 12:29:46] "GET /data/data_men HTTP/1.1" 200 -
127.0.0.1 - - [14/May/2024 12:29:46] "GET /static/favicon.ico HTTP/1.1" 200 -
127.0.0.1 - - [14/May/2024 12:30:07] "GET / HTTP/1.1" 200 -
127.0.0.1 - - [14/May/2024 12:30:07] "GET /static/styles/styles.css HTTP/1.1" 200 -
127.0.0.1 - - [14/May/2024 12:30:07] "GET /static/script.js HTTP/1.1" 200 -
127.0.0.1 - - [14/May/2024 12:30:07] "GET /static/favicon.ico HTTP/1.1" 200 -
127.0.0.1 - - [14/May/2024 12:30:11] "GET /data_men.html HTTP/1.1" 200 -
127.0.0.1 - - [14/May/2024 12:30:11] "GET /static/styles/data.css HTTP/1.1" 200 -
127.0.0.1 - - [14/May/2024 12:30:11] "GET /static/data.js HTTP/1.1" 200 -
127.0.0.1 - - [14/May/2024 12:30:11] "GET /data/data_men HTTP/1.1" 200 -
127.0.0.1 - - [14/May/2024 12:30:29] "GET / HTTP/1.1" 200 -
127.0.0.1 - - [14/May/2024 12:30:29] "GET /static/styles/styles.css HTTP/1.1" 200 -
127.0.0.1 - - [14/May/2024 12:30:29] "GET /static/script.js HTTP/1.1" 200 -
127.0.0.1 - - [14/May/2024 12:30:29] "GET /static/favicon.ico HTTP/1.1" 200 -
127.0.0.1 - - [14/May/2024 12:30:34] "GET /data_men.html HTTP/1.1" 200 -
127.0.0.1 - - [14/May/2024 12:30:34] "GET /static/styles/data.css HTTP/1.1" 200 -
127.0.0.1 - - [14/May/2024 12:30:34] "GET /static/data.js HTTP/1.1" 200 -
127.0.0.1 - - [14/May/2024 12:30:34] "GET /data/data_men HTTP/1.1" 200 -
127.0.0.1 - - [14/May/2024 12:31:07] "GET / HTTP/1.1" 200 -
127.0.0.1 - - [14/May/2024 12:31:07] "GET /static/styles/styles.css HTTP/1.1" 200 -
127.0.0.1 - - [14/May/2024 12:31:07] "GET /static/script.js HTTP/1.1" 200 -
127.0.0.1 - - [14/May/2024 12:31:07] "GET /static/favicon.ico HTTP/1.1" 200 -
127.0.0.1 - - [14/May/2024 12:34:38] "GET / HTTP/1.1" 200 -
127.0.0.1 - - [14/May/2024 12:34:39] "GET /static/styles/styles.css HTTP/1.1" 200 -
127.0.0.1 - - [14/May/2024 12:34:39] "GET /static/script.js HTTP/1.1" 200 -
127.0.0.1 - - [14/May/2024 12:34:39] "GET /static/favicon.ico HTTP/1.1" 200 -
127.0.0.1 - - [14/May/2024 12:34:42] "GET /data_men.html HTTP/1.1" 200 -
127.0.0.1 - - [14/May/2024 12:34:42] "GET /static/styles/data.css HTTP/1.1" 200 -
127.0.0.1 - - [14/May/2024 12:34:42] "GET /static/data.js HTTP/1.1" 200 -
127.0.0.1 - - [14/May/2024 12:34:43] "GET /data/data_men HTTP/1.1" 200 -
127.0.0.1 - - [14/May/2024 12:36:02] "GET / HTTP/1.1" 200 -
127.0.0.1 - - [14/May/2024 12:36:02] "GET /static/styles/styles.css HTTP/1.1" 200 -
127.0.0.1 - - [14/May/2024 12:36:02] "GET /static/script.js HTTP/1.1" 200 -
127.0.0.1 - - [14/May/2024 12:36:02] "GET /static/favicon.ico HTTP/1.1" 200 -
127.0.0.1 - - [14/May/2024 12:36:05] "GET /data_men.html HTTP/1.1" 200 -
127.0.0.1 - - [14/May/2024 12:36:05] "GET /static/styles/data.css HTTP/1.1" 200 -
127.0.0.1 - - [14/May/2024 12:36:05] "GET /static/data.js HTTP/1.1" 200 -
127.0.0.1 - - [14/May/2024 12:36:06] "GET /data/data_men HTTP/1.1" 200 -
127.0.0.1 - - [14/May/2024 12:37:27] "GET / HTTP/1.1" 200 -
127.0.0.1 - - [14/May/2024 12:37:27] "GET /static/styles/styles.css HTTP/1.1" 304 -
127.0.0.1 - - [14/May/2024 12:37:27] "GET /static/script.js HTTP/1.1" 304 -
127.0.0.1 - - [14/May/2024 12:37:29] "GET /data_men.html HTTP/1.1" 200 -
127.0.0.1 - - [14/May/2024 12:37:29] "GET /static/styles/data.css HTTP/1.1" 304 -
127.0.0.1 - - [14/May/2024 12:37:29] "GET /static/data.js HTTP/1.1" 304 -
127.0.0.1 - - [14/May/2024 12:37:30] "GET /data/data_men HTTP/1.1" 200 -
127.0.0.1 - - [14/May/2024 12:37:47] "GET / HTTP/1.1" 200 -
127.0.0.1 - - [14/May/2024 12:37:47] "GET /static/styles/styles.css HTTP/1.1" 304 -
127.0.0.1 - - [14/May/2024 12:37:47] "GET /static/script.js HTTP/1.1" 304 -
127.0.0.1 - - [14/May/2024 12:37:50] "GET /data_men.html HTTP/1.1" 200 -
127.0.0.1 - - [14/May/2024 12:37:50] "GET /static/data.js HTTP/1.1" 304 -
127.0.0.1 - - [14/May/2024 12:37:50] "GET /static/styles/data.css HTTP/1.1" 304 -
127.0.0.1 - - [14/May/2024 12:37:50] "GET /data/data_men HTTP/1.1" 200 -
127.0.0.1 - - [14/May/2024 12:38:38] "GET / HTTP/1.1" 200 -
127.0.0.1 - - [14/May/2024 12:38:38] "GET /static/styles/styles.css HTTP/1.1" 200 -
127.0.0.1 - - [14/May/2024 12:38:38] "GET /static/script.js HTTP/1.1" 200 -
127.0.0.1 - - [14/May/2024 12:38:39] "GET /static/favicon.ico HTTP/1.1" 200 -
127.0.0.1 - - [14/May/2024 12:38:42] "GET /data_men.html HTTP/1.1" 200 -
127.0.0.1 - - [14/May/2024 12:38:42] "GET /static/styles/data.css HTTP/1.1" 200 -
127.0.0.1 - - [14/May/2024 12:38:42] "GET /static/data.js HTTP/1.1" 200 -
127.0.0.1 - - [14/May/2024 12:38:43] "GET /data/data_men HTTP/1.1" 200 -
127.0.0.1 - - [14/May/2024 12:38:58] "POST /insert_row HTTP/1.1" 200 -
127.0.0.1 - - [14/May/2024 12:38:59] "GET /data_men.html HTTP/1.1" 200 -
127.0.0.1 - - [14/May/2024 12:38:59] "GET /static/styles/data.css HTTP/1.1" 200 -
127.0.0.1 - - [14/May/2024 12:38:59] "GET /static/data.js HTTP/1.1" 200 -
127.0.0.1 - - [14/May/2024 12:38:59] "GET /data/data_men HTTP/1.1" 200 -
127.0.0.1 - - [14/May/2024 12:38:59] "GET /static/favicon.ico HTTP/1.1" 200 -
127.0.0.1 - - [14/May/2024 12:39:06] "POST /delete_row HTTP/1.1" 200 -
127.0.0.1 - - [14/May/2024 12:39:06] "GET /data_men.html HTTP/1.1" 200 -
127.0.0.1 - - [14/May/2024 12:39:06] "GET /static/styles/data.css HTTP/1.1" 200 -
127.0.0.1 - - [14/May/2024 12:39:06] "GET /static/data.js HTTP/1.1" 200 -
127.0.0.1 - - [14/May/2024 12:39:07] "GET /static/favicon.ico HTTP/1.1" 200 -
127.0.0.1 - - [14/May/2024 12:39:07] "GET /data/data_men HTTP/1.1" 200 -
127.0.0.1 - - [14/May/2024 12:39:50] "GET / HTTP/1.1" 200 -
127.0.0.1 - - [14/May/2024 12:39:50] "GET /static/styles/styles.css HTTP/1.1" 200 -
127.0.0.1 - - [14/May/2024 12:39:50] "GET /static/script.js HTTP/1.1" 200 -
127.0.0.1 - - [14/May/2024 12:39:50] "GET /static/favicon.ico HTTP/1.1" 200 -
127.0.0.1 - - [14/May/2024 12:39:52] "GET /video_list.html HTTP/1.1" 200 -
127.0.0.1 - - [14/May/2024 12:40:39] "GET / HTTP/1.1" 200 -
127.0.0.1 - - [14/May/2024 12:40:40] "GET /static/script.js HTTP/1.1" 200 -
127.0.0.1 - - [14/May/2024 12:40:40] "GET /static/styles/styles.css HTTP/1.1" 200 -
127.0.0.1 - - [14/May/2024 12:40:40] "GET /static/favicon.ico HTTP/1.1" 200 -
127.0.0.1 - - [14/May/2024 12:40:43] "GET /data_men.html HTTP/1.1" 200 -
127.0.0.1 - - [14/May/2024 12:40:43] "GET /static/styles/data.css HTTP/1.1" 200 -
127.0.0.1 - - [14/May/2024 12:40:43] "GET /static/data.js HTTP/1.1" 200 -
127.0.0.1 - - [14/May/2024 12:40:44] "GET /data/data_men HTTP/1.1" 200 -
127.0.0.1 - - [14/May/2024 12:40:59] "POST /insert_row HTTP/1.1" 200 -
127.0.0.1 - - [14/May/2024 12:40:59] "GET /data_men.html HTTP/1.1" 200 -
127.0.0.1 - - [14/May/2024 12:40:59] "GET /static/styles/data.css HTTP/1.1" 200 -
127.0.0.1 - - [14/May/2024 12:41:00] "GET /static/data.js HTTP/1.1" 200 -
127.0.0.1 - - [14/May/2024 12:41:00] "GET /static/favicon.ico HTTP/1.1" 200 -
127.0.0.1 - - [14/May/2024 12:41:00] "GET /data/data_men HTTP/1.1" 200 -
127.0.0.1 - - [14/May/2024 12:41:06] "POST /delete_row HTTP/1.1" 200 -
127.0.0.1 - - [14/May/2024 12:41:07] "GET /data_men.html HTTP/1.1" 200 -
127.0.0.1 - - [14/May/2024 12:41:07] "GET /static/styles/data.css HTTP/1.1" 200 -
127.0.0.1 - - [14/May/2024 12:41:07] "GET /static/data.js HTTP/1.1" 200 -
127.0.0.1 - - [14/May/2024 12:41:07] "GET /static/favicon.ico HTTP/1.1" 200 -
127.0.0.1 - - [14/May/2024 12:41:07] "GET /data/data_men HTTP/1.1" 200 -
127.0.0.1 - - [14/May/2024 12:41:31] "GET / HTTP/1.1" 200 -
127.0.0.1 - - [14/May/2024 12:41:31] "GET /static/styles/styles.css HTTP/1.1" 200 -
127.0.0.1 - - [14/May/2024 12:41:31] "GET /static/script.js HTTP/1.1" 200 -
127.0.0.1 - - [14/May/2024 12:41:31] "GET /static/favicon.ico HTTP/1.1" 200 -
127.0.0.1 - - [14/May/2024 12:41:32] "GET /data_men.html HTTP/1.1" 200 -
127.0.0.1 - - [14/May/2024 12:41:32] "GET /static/styles/data.css HTTP/1.1" 200 -
127.0.0.1 - - [14/May/2024 12:41:32] "GET /static/data.js HTTP/1.1" 200 -
127.0.0.1 - - [14/May/2024 12:41:33] "GET /data/data_men HTTP/1.1" 200 -
127.0.0.1 - - [14/May/2024 12:41:44] "POST /update_row HTTP/1.1" 200 -
127.0.0.1 - - [14/May/2024 12:41:45] "GET /data_men.html HTTP/1.1" 200 -
127.0.0.1 - - [14/May/2024 12:41:45] "GET /static/styles/data.css HTTP/1.1" 200 -
127.0.0.1 - - [14/May/2024 12:41:45] "GET /static/data.js HTTP/1.1" 200 -
127.0.0.1 - - [14/May/2024 12:41:45] "GET /data/data_men HTTP/1.1" 200 -
127.0.0.1 - - [14/May/2024 12:41:45] "GET /static/favicon.ico HTTP/1.1" 200 -
127.0.0.1 - - [14/May/2024 12:42:07] "GET / HTTP/1.1" 200 -
127.0.0.1 - - [14/May/2024 12:42:07] "GET /static/styles/styles.css HTTP/1.1" 200 -
127.0.0.1 - - [14/May/2024 12:42:07] "GET /static/script.js HTTP/1.1" 200 -
127.0.0.1 - - [14/May/2024 12:42:07] "GET /static/favicon.ico HTTP/1.1" 200 -
127.0.0.1 - - [14/May/2024 12:42:10] "GET /data_men.html HTTP/1.1" 200 -
127.0.0.1 - - [14/May/2024 12:42:10] "GET /static/styles/data.css HTTP/1.1" 200 -
127.0.0.1 - - [14/May/2024 12:42:10] "GET /static/data.js HTTP/1.1" 200 -
127.0.0.1 - - [14/May/2024 12:42:11] "GET /data/data_men HTTP/1.1" 200 -
127.0.0.1 - - [14/May/2024 12:42:38] "GET / HTTP/1.1" 200 -
127.0.0.1 - - [14/May/2024 12:42:38] "GET /static/styles/styles.css HTTP/1.1" 200 -
127.0.0.1 - - [14/May/2024 12:42:38] "GET /static/script.js HTTP/1.1" 200 -
127.0.0.1 - - [14/May/2024 12:42:38] "GET /static/favicon.ico HTTP/1.1" 200 -
127.0.0.1 - - [14/May/2024 12:42:42] "GET /data_men.html HTTP/1.1" 200 -
127.0.0.1 - - [14/May/2024 12:42:42] "GET /static/data.js HTTP/1.1" 200 -
127.0.0.1 - - [14/May/2024 12:42:42] "GET /static/styles/data.css HTTP/1.1" 200 -
127.0.0.1 - - [14/May/2024 12:42:43] "GET /data/data_men HTTP/1.1" 200 -
127.0.0.1 - - [14/May/2024 12:43:15] "GET / HTTP/1.1" 200 -
127.0.0.1 - - [14/May/2024 12:43:15] "GET /static/styles/styles.css HTTP/1.1" 200 -
127.0.0.1 - - [14/May/2024 12:43:15] "GET /static/script.js HTTP/1.1" 200 -
127.0.0.1 - - [14/May/2024 12:43:15] "GET /static/favicon.ico HTTP/1.1" 200 -
127.0.0.1 - - [14/May/2024 13:03:28] "GET / HTTP/1.1" 200 -
127.0.0.1 - - [14/May/2024 13:03:28] "GET /static/styles/styles.css HTTP/1.1" 200 -
127.0.0.1 - - [14/May/2024 13:03:28] "GET /static/script.js HTTP/1.1" 200 -
127.0.0.1 - - [14/May/2024 13:03:28] "GET /static/favicon.ico HTTP/1.1" 200 -
127.0.0.1 - - [14/May/2024 13:03:30] "GET /video_list.html HTTP/1.1" 200 -
127.0.0.1 - - [14/May/2024 13:04:20] "GET / HTTP/1.1" 200 -
127.0.0.1 - - [14/May/2024 13:04:20] "GET /static/styles/styles.css HTTP/1.1" 200 -
127.0.0.1 - - [14/May/2024 13:04:20] "GET /static/script.js HTTP/1.1" 200 -
127.0.0.1 - - [14/May/2024 13:04:20] "GET /static/favicon.ico HTTP/1.1" 200 -
127.0.0.1 - - [14/May/2024 13:04:24] "GET /data_men.html HTTP/1.1" 200 -
127.0.0.1 - - [14/May/2024 13:04:24] "GET /static/styles/data.css HTTP/1.1" 200 -
127.0.0.1 - - [14/May/2024 13:04:24] "GET /static/data.js HTTP/1.1" 200 -
127.0.0.1 - - [14/May/2024 13:04:24] "GET /data/data_men HTTP/1.1" 200 -
127.0.0.1 - - [14/May/2024 13:04:40] "POST /insert_row HTTP/1.1" 200 -
127.0.0.1 - - [14/May/2024 13:04:40] "GET /data_men.html HTTP/1.1" 200 -
127.0.0.1 - - [14/May/2024 13:04:40] "GET /static/styles/data.css HTTP/1.1" 200 -
127.0.0.1 - - [14/May/2024 13:04:40] "GET /static/data.js HTTP/1.1" 200 -
127.0.0.1 - - [14/May/2024 13:04:41] "GET /data/data_men HTTP/1.1" 200 -
127.0.0.1 - - [14/May/2024 13:04:41] "GET /static/favicon.ico HTTP/1.1" 200 -
127.0.0.1 - - [14/May/2024 13:04:47] "POST /delete_row HTTP/1.1" 200 -
127.0.0.1 - - [14/May/2024 13:04:48] "GET /data_men.html HTTP/1.1" 200 -
127.0.0.1 - - [14/May/2024 13:04:48] "GET /static/styles/data.css HTTP/1.1" 200 -
127.0.0.1 - - [14/May/2024 13:04:48] "GET /static/data.js HTTP/1.1" 200 -
127.0.0.1 - - [14/May/2024 13:04:48] "GET /static/favicon.ico HTTP/1.1" 200 -
127.0.0.1 - - [14/May/2024 13:04:48] "GET /data/data_men HTTP/1.1" 200 -
127.0.0.1 - - [14/May/2024 13:05:13] "GET / HTTP/1.1" 200 -
127.0.0.1 - - [14/May/2024 13:05:13] "GET /static/styles/styles.css HTTP/1.1" 200 -
127.0.0.1 - - [14/May/2024 13:05:13] "GET /static/script.js HTTP/1.1" 200 -
127.0.0.1 - - [14/May/2024 13:05:14] "GET /static/favicon.ico HTTP/1.1" 200 -
127.0.0.1 - - [14/May/2024 13:05:15] "GET /data_men.html HTTP/1.1" 200 -
127.0.0.1 - - [14/May/2024 13:05:15] "GET /static/styles/data.css HTTP/1.1" 200 -
127.0.0.1 - - [14/May/2024 13:05:15] "GET /static/data.js HTTP/1.1" 200 -
127.0.0.1 - - [14/May/2024 13:05:16] "GET /data/data_men HTTP/1.1" 200 -
127.0.0.1 - - [14/May/2024 13:05:27] "POST /update_row HTTP/1.1" 200 -
127.0.0.1 - - [14/May/2024 13:05:28] "GET /data_men.html HTTP/1.1" 200 -
127.0.0.1 - - [14/May/2024 13:05:28] "GET /static/styles/data.css HTTP/1.1" 200 -
127.0.0.1 - - [14/May/2024 13:05:28] "GET /static/data.js HTTP/1.1" 200 -
127.0.0.1 - - [14/May/2024 13:05:28] "GET /data/data_men HTTP/1.1" 200 -
127.0.0.1 - - [14/May/2024 13:05:28] "GET /static/favicon.ico HTTP/1.1" 200 -
127.0.0.1 - - [14/May/2024 13:05:52] "GET / HTTP/1.1" 200 -
127.0.0.1 - - [14/May/2024 13:05:52] "GET /static/styles/styles.css HTTP/1.1" 200 -
127.0.0.1 - - [14/May/2024 13:05:52] "GET /static/script.js HTTP/1.1" 200 -
127.0.0.1 - - [14/May/2024 13:05:52] "GET /static/favicon.ico HTTP/1.1" 200 -
127.0.0.1 - - [14/May/2024 13:05:55] "GET /data_men.html HTTP/1.1" 200 -
127.0.0.1 - - [14/May/2024 13:05:55] "GET /static/styles/data.css HTTP/1.1" 200 -
127.0.0.1 - - [14/May/2024 13:05:55] "GET /static/data.js HTTP/1.1" 200 -
127.0.0.1 - - [14/May/2024 13:05:56] "GET /data/data_men HTTP/1.1" 200 -
127.0.0.1 - - [14/May/2024 13:06:25] "GET / HTTP/1.1" 200 -
127.0.0.1 - - [14/May/2024 13:06:25] "GET /static/styles/styles.css HTTP/1.1" 200 -
127.0.0.1 - - [14/May/2024 13:06:25] "GET /static/script.js HTTP/1.1" 200 -
127.0.0.1 - - [14/May/2024 13:06:25] "GET /static/favicon.ico HTTP/1.1" 200 -
127.0.0.1 - - [14/May/2024 13:06:30] "GET /data_men.html HTTP/1.1" 200 -
127.0.0.1 - - [14/May/2024 13:06:30] "GET /static/styles/data.css HTTP/1.1" 200 -
127.0.0.1 - - [14/May/2024 13:06:30] "GET /static/data.js HTTP/1.1" 200 -
127.0.0.1 - - [14/May/2024 13:06:30] "GET /data/data_men HTTP/1.1" 200 -
127.0.0.1 - - [14/May/2024 13:07:05] "GET / HTTP/1.1" 200 -
127.0.0.1 - - [14/May/2024 13:07:05] "GET /static/styles/styles.css HTTP/1.1" 200 -
127.0.0.1 - - [14/May/2024 13:07:05] "GET /static/script.js HTTP/1.1" 200 -
127.0.0.1 - - [14/May/2024 13:07:05] "GET /static/favicon.ico HTTP/1.1" 200 -
127.0.0.1 - - [14/May/2024 13:15:21] "GET / HTTP/1.1" 200 -
127.0.0.1 - - [14/May/2024 13:15:22] "GET /static/styles/styles.css HTTP/1.1" 200 -
127.0.0.1 - - [14/May/2024 13:15:22] "GET /static/script.js HTTP/1.1" 200 -
127.0.0.1 - - [14/May/2024 13:15:22] "GET /static/favicon.ico HTTP/1.1" 200 -
127.0.0.1 - - [14/May/2024 13:15:23] "GET /video_list.html HTTP/1.1" 200 -
127.0.0.1 - - [14/May/2024 13:16:15] "GET / HTTP/1.1" 200 -
127.0.0.1 - - [14/May/2024 13:16:15] "GET /static/styles/styles.css HTTP/1.1" 200 -
127.0.0.1 - - [14/May/2024 13:16:15] "GET /static/script.js HTTP/1.1" 200 -
127.0.0.1 - - [14/May/2024 13:16:15] "GET /static/favicon.ico HTTP/1.1" 200 -
127.0.0.1 - - [14/May/2024 13:16:18] "GET /data_men.html HTTP/1.1" 200 -
127.0.0.1 - - [14/May/2024 13:16:19] "GET /static/styles/data.css HTTP/1.1" 200 -
127.0.0.1 - - [14/May/2024 13:16:19] "GET /static/data.js HTTP/1.1" 200 -
127.0.0.1 - - [14/May/2024 13:16:19] "GET /data/data_men HTTP/1.1" 200 -
127.0.0.1 - - [14/May/2024 13:16:35] "POST /insert_row HTTP/1.1" 200 -
127.0.0.1 - - [14/May/2024 13:16:35] "GET /data_men.html HTTP/1.1" 200 -
127.0.0.1 - - [14/May/2024 13:16:35] "GET /static/styles/data.css HTTP/1.1" 200 -
127.0.0.1 - - [14/May/2024 13:16:35] "GET /static/data.js HTTP/1.1" 200 -
127.0.0.1 - - [14/May/2024 13:16:36] "GET /data/data_men HTTP/1.1" 200 -
127.0.0.1 - - [14/May/2024 13:16:36] "GET /static/favicon.ico HTTP/1.1" 200 -
127.0.0.1 - - [14/May/2024 13:16:42] "POST /delete_row HTTP/1.1" 200 -
127.0.0.1 - - [14/May/2024 13:16:43] "GET /data_men.html HTTP/1.1" 200 -
127.0.0.1 - - [14/May/2024 13:16:43] "GET /static/styles/data.css HTTP/1.1" 200 -
127.0.0.1 - - [14/May/2024 13:16:43] "GET /static/data.js HTTP/1.1" 200 -
127.0.0.1 - - [14/May/2024 13:16:43] "GET /static/favicon.ico HTTP/1.1" 200 -
127.0.0.1 - - [14/May/2024 13:16:43] "GET /data/data_men HTTP/1.1" 200 -
127.0.0.1 - - [14/May/2024 13:17:09] "GET / HTTP/1.1" 200 -
127.0.0.1 - - [14/May/2024 13:17:09] "GET /static/styles/styles.css HTTP/1.1" 200 -
127.0.0.1 - - [14/May/2024 13:17:09] "GET /static/script.js HTTP/1.1" 200 -
127.0.0.1 - - [14/May/2024 13:17:09] "GET /static/favicon.ico HTTP/1.1" 200 -
127.0.0.1 - - [14/May/2024 13:17:11] "GET /data_men.html HTTP/1.1" 200 -
127.0.0.1 - - [14/May/2024 13:17:11] "GET /static/styles/data.css HTTP/1.1" 200 -
127.0.0.1 - - [14/May/2024 13:17:11] "GET /static/data.js HTTP/1.1" 200 -
127.0.0.1 - - [14/May/2024 13:17:11] "GET /data/data_men HTTP/1.1" 200 -
127.0.0.1 - - [14/May/2024 13:17:23] "POST /update_row HTTP/1.1" 200 -
127.0.0.1 - - [14/May/2024 13:17:23] "GET /data_men.html HTTP/1.1" 200 -
127.0.0.1 - - [14/May/2024 13:17:23] "GET /static/styles/data.css HTTP/1.1" 200 -
127.0.0.1 - - [14/May/2024 13:17:23] "GET /static/data.js HTTP/1.1" 200 -
127.0.0.1 - - [14/May/2024 13:17:24] "GET /data/data_men HTTP/1.1" 200 -
127.0.0.1 - - [14/May/2024 13:17:24] "GET /static/favicon.ico HTTP/1.1" 200 -
127.0.0.1 - - [14/May/2024 13:17:47] "GET / HTTP/1.1" 200 -
127.0.0.1 - - [14/May/2024 13:17:47] "GET /static/styles/styles.css HTTP/1.1" 200 -
127.0.0.1 - - [14/May/2024 13:17:47] "GET /static/script.js HTTP/1.1" 200 -
127.0.0.1 - - [14/May/2024 13:17:47] "GET /static/favicon.ico HTTP/1.1" 200 -
127.0.0.1 - - [14/May/2024 13:17:51] "GET /data_men.html HTTP/1.1" 200 -
127.0.0.1 - - [14/May/2024 13:17:51] "GET /static/data.js HTTP/1.1" 200 -
127.0.0.1 - - [14/May/2024 13:17:51] "GET /static/styles/data.css HTTP/1.1" 200 -
127.0.0.1 - - [14/May/2024 13:17:51] "GET /data/data_men HTTP/1.1" 200 -
127.0.0.1 - - [14/May/2024 13:18:20] "GET / HTTP/1.1" 200 -
127.0.0.1 - - [14/May/2024 13:18:21] "GET /static/styles/styles.css HTTP/1.1" 200 -
127.0.0.1 - - [14/May/2024 13:18:21] "GET /static/script.js HTTP/1.1" 200 -
127.0.0.1 - - [14/May/2024 13:18:21] "GET /static/favicon.ico HTTP/1.1" 200 -
127.0.0.1 - - [14/May/2024 13:18:25] "GET /data_men.html HTTP/1.1" 200 -
127.0.0.1 - - [14/May/2024 13:18:25] "GET /static/styles/data.css HTTP/1.1" 200 -
127.0.0.1 - - [14/May/2024 13:18:25] "GET /static/data.js HTTP/1.1" 200 -
127.0.0.1 - - [14/May/2024 13:18:26] "GET /data/data_men HTTP/1.1" 200 -
127.0.0.1 - - [14/May/2024 13:19:00] "GET / HTTP/1.1" 200 -
127.0.0.1 - - [14/May/2024 13:19:00] "GET /static/styles/styles.css HTTP/1.1" 200 -
127.0.0.1 - - [14/May/2024 13:19:00] "GET /static/script.js HTTP/1.1" 200 -
127.0.0.1 - - [14/May/2024 13:19:00] "GET /static/favicon.ico HTTP/1.1" 200 -
127.0.0.1 - - [14/May/2024 13:33:03] "GET /data_men.html HTTP/1.1" 200 -
127.0.0.1 - - [14/May/2024 13:33:03] "GET /static/styles/data.css HTTP/1.1" 304 -
127.0.0.1 - - [14/May/2024 13:33:03] "GET /static/data.js HTTP/1.1" 304 -
127.0.0.1 - - [14/May/2024 13:33:03] "GET /data/data_men HTTP/1.1" 200 -
127.0.0.1 - - [14/May/2024 13:33:07] "GET /video_list.html HTTP/1.1" 200 -
127.0.0.1 - - [15/May/2024 04:45:59] "GET / HTTP/1.1" 200 -
127.0.0.1 - - [15/May/2024 04:45:59] "GET /static/styles/styles.css HTTP/1.1" 200 -
127.0.0.1 - - [15/May/2024 04:45:59] "GET /static/script.js HTTP/1.1" 200 -
127.0.0.1 - - [15/May/2024 04:46:04] "GET /slideShow.html HTTP/1.1" 200 -
WARNING: This is a development server. Do not use it in a production deployment. Use a production WSGI server instead.
 * Running on http://localhost:8080
Press CTRL+C to quit
 * Restarting with stat
 * Debugger is active!
 * Debugger PIN: 114-515-388
 * Detected change in 'C:\\Users\\nn\\dexterslab\\main.py', reloading
 * Restarting with stat
 * Debugger is active!
 * Debugger PIN: 114-515-388
 * Detected change in 'C:\\Users\\nn\\dexterslab\\main.py', reloading
 * Restarting with stat
 * Debugger is active!
 * Debugger PIN: 114-515-388
 * Detected change in 'C:\\Users\\nn\\dexterslab\\main.py', reloading
 * Restarting with stat
 * Debugger is active!
 * Debugger PIN: 114-515-388
 * Detected change in 'C:\\Users\\nn\\dexterslab\\main.py', reloading
 * Restarting with stat
 * Debugger is active!
 * Debugger PIN: 114-515-388
 * Detected change in 'C:\\Users\\nn\\dexterslab\\main.py', reloading
 * Restarting with stat
 * Debugger is active!
 * Debugger PIN: 114-515-388
WARNING: This is a development server. Do not use it in a production deployment. Use a production WSGI server instead.
 * Running on http://localhost:8080
Press CTRL+C to quit
 * Restarting with stat
 * Debugger is active!
 * Debugger PIN: 114-515-388
 * Detected change in 'C:\\Users\\nn\\dexterslab\\main.py', reloading
 * Restarting with stat
 * Debugger is active!
 * Debugger PIN: 114-515-388
 * Detected change in 'C:\\Users\\nn\\dexterslab\\main.py', reloading
 * Restarting with stat
 * Debugger is active!
 * Debugger PIN: 114-515-388
C:\Users\nn\AppData\Local\Programs\Python\Python311\Lib\site-packages\flask\app.py:415: UserWarning: Current server name 'localhost:8080' doesn't match configured server name 'dexterslab.myproject:'
  return self.url_map.bind_to_environ(
127.0.0.1 - - [15/May/2024 07:24:34] "GET / HTTP/1.1" 404 -
 * Detected change in 'C:\\Users\\nn\\dexterslab\\main.py', reloading
 * Restarting with stat
 * Debugger is active!
 * Debugger PIN: 114-515-388
 * Detected change in 'C:\\Users\\nn\\dexterslab\\main.py', reloading
 * Restarting with stat
 * Debugger is active!
 * Debugger PIN: 114-515-388
getaddrinfo failed
getaddrinfo failed
^Cgetaddrinfo failed
getaddrinfo failed
getaddrinfo failed
getaddrinfo failed
getaddrinfo failed
getaddrinfo failed
getaddrinfo failed
getaddrinfo failed
getaddrinfo failed
getaddrinfo failed
getaddrinfo failed
getaddrinfo failed
getaddrinfo failed
getaddrinfo failed
getaddrinfo failed
getaddrinfo failed
getaddrinfo failed
getaddrinfo failed
getaddrinfo failed
getaddrinfo failed
getaddrinfo failed
getaddrinfo failed
getaddrinfo failed
getaddrinfo failed
getaddrinfo failed
getaddrinfo failed
getaddrinfo failed
getaddrinfo failed
getaddrinfo failed
getaddrinfo failed
getaddrinfo failed
getaddrinfo failed
getaddrinfo failed
getaddrinfo failed
getaddrinfo failed
getaddrinfo failed
getaddrinfo failed
getaddrinfo failed
getaddrinfo failed
getaddrinfo failed
getaddrinfo failed
getaddrinfo failed
getaddrinfo failed
getaddrinfo failed
getaddrinfo failed
getaddrinfo failed
getaddrinfo failed
getaddrinfo failed
getaddrinfo failed
getaddrinfo failed
getaddrinfo failed
getaddrinfo failed
getaddrinfo failed
getaddrinfo failed
getaddrinfo failed
getaddrinfo failed
getaddrinfo failed
getaddrinfo failed
getaddrinfo failed
getaddrinfo failed
getaddrinfo failed
getaddrinfo failed
getaddrinfo failed
getaddrinfo failed
getaddrinfo failed
getaddrinfo failed
getaddrinfo failed
getaddrinfo failed
getaddrinfo failed
getaddrinfo failed
getaddrinfo failed
getaddrinfo failed
getaddrinfo failed
getaddrinfo failed
getaddrinfo failed
getaddrinfo failed
getaddrinfo failed
getaddrinfo failed
WARNING: This is a development server. Do not use it in a production deployment. Use a production WSGI server instead.
 * Running on http://dexterslab:8080
Press CTRL+C to quit
 * Restarting with stat
 * Debugger is active!
 * Debugger PIN: 114-515-388
WARNING: This is a development server. Do not use it in a production deployment. Use a production WSGI server instead.
 * Running on http://www.dexterslab.com:8080
Press CTRL+C to quit
 * Restarting with stat
 * Debugger is active!
 * Debugger PIN: 114-515-388
WARNING: This is a development server. Do not use it in a production deployment. Use a production WSGI server instead.
 * Running on http://www.dexterslab.com:8080
Press CTRL+C to quit
 * Restarting with stat
 * Debugger is active!
 * Debugger PIN: 187-122-103
127.0.0.1 - - [15/May/2024 07:49:11] "GET / HTTP/1.1" 200 -
127.0.0.1 - - [15/May/2024 07:49:12] "GET /static/styles/styles.css HTTP/1.1" 200 -
127.0.0.1 - - [15/May/2024 07:49:12] "GET /static/script.js HTTP/1.1" 200 -
127.0.0.1 - - [15/May/2024 07:49:12] "GET /static/favicon.ico HTTP/1.1" 200 -
127.0.0.1 - - [15/May/2024 07:49:13] "GET /video_list.html HTTP/1.1" 200 -
127.0.0.1 - - [15/May/2024 07:50:01] "GET / HTTP/1.1" 200 -
127.0.0.1 - - [15/May/2024 07:50:01] "GET /static/styles/styles.css HTTP/1.1" 200 -
127.0.0.1 - - [15/May/2024 07:50:01] "GET /static/script.js HTTP/1.1" 200 -
127.0.0.1 - - [15/May/2024 07:50:01] "GET /static/favicon.ico HTTP/1.1" 200 -
127.0.0.1 - - [15/May/2024 07:50:04] "GET /data_men.html HTTP/1.1" 200 -
127.0.0.1 - - [15/May/2024 07:50:04] "GET /static/styles/data.css HTTP/1.1" 200 -
127.0.0.1 - - [15/May/2024 07:50:04] "GET /static/data.js HTTP/1.1" 200 -
127.0.0.1 - - [15/May/2024 07:50:05] "GET /data/data_men HTTP/1.1" 200 -
127.0.0.1 - - [15/May/2024 07:50:21] "POST /insert_row HTTP/1.1" 200 -
127.0.0.1 - - [15/May/2024 07:50:21] "GET /data_men.html HTTP/1.1" 200 -
127.0.0.1 - - [15/May/2024 07:50:21] "GET /static/styles/data.css HTTP/1.1" 200 -
127.0.0.1 - - [15/May/2024 07:50:21] "GET /static/data.js HTTP/1.1" 200 -
127.0.0.1 - - [15/May/2024 07:50:22] "GET /static/favicon.ico HTTP/1.1" 200 -
127.0.0.1 - - [15/May/2024 07:50:22] "GET /data/data_men HTTP/1.1" 200 -
127.0.0.1 - - [15/May/2024 07:50:28] "POST /delete_row HTTP/1.1" 200 -
127.0.0.1 - - [15/May/2024 07:50:28] "GET /data_men.html HTTP/1.1" 200 -
127.0.0.1 - - [15/May/2024 07:50:28] "GET /static/styles/data.css HTTP/1.1" 200 -
127.0.0.1 - - [15/May/2024 07:50:28] "GET /static/data.js HTTP/1.1" 200 -
127.0.0.1 - - [15/May/2024 07:50:29] "GET /data/data_men HTTP/1.1" 200 -
127.0.0.1 - - [15/May/2024 07:50:29] "GET /static/favicon.ico HTTP/1.1" 200 -
127.0.0.1 - - [15/May/2024 07:50:53] "GET / HTTP/1.1" 200 -
127.0.0.1 - - [15/May/2024 07:50:53] "GET /static/styles/styles.css HTTP/1.1" 200 -
127.0.0.1 - - [15/May/2024 07:50:53] "GET /static/script.js HTTP/1.1" 200 -
127.0.0.1 - - [15/May/2024 07:50:53] "GET /static/favicon.ico HTTP/1.1" 200 -
127.0.0.1 - - [15/May/2024 07:50:54] "GET /data_men.html HTTP/1.1" 200 -
127.0.0.1 - - [15/May/2024 07:50:54] "GET /static/styles/data.css HTTP/1.1" 200 -
127.0.0.1 - - [15/May/2024 07:50:54] "GET /static/data.js HTTP/1.1" 200 -
127.0.0.1 - - [15/May/2024 07:50:55] "GET /data/data_men HTTP/1.1" 200 -
127.0.0.1 - - [15/May/2024 07:51:07] "POST /update_row HTTP/1.1" 200 -
127.0.0.1 - - [15/May/2024 07:51:07] "GET /data_men.html HTTP/1.1" 200 -
127.0.0.1 - - [15/May/2024 07:51:07] "GET /static/styles/data.css HTTP/1.1" 200 -
127.0.0.1 - - [15/May/2024 07:51:08] "GET /static/data.js HTTP/1.1" 200 -
127.0.0.1 - - [15/May/2024 07:51:08] "GET /static/favicon.ico HTTP/1.1" 200 -
127.0.0.1 - - [15/May/2024 07:51:08] "GET /data/data_men HTTP/1.1" 200 -
127.0.0.1 - - [15/May/2024 07:51:30] "GET / HTTP/1.1" 200 -
127.0.0.1 - - [15/May/2024 07:51:30] "GET /static/styles/styles.css HTTP/1.1" 200 -
127.0.0.1 - - [15/May/2024 07:51:30] "GET /static/script.js HTTP/1.1" 200 -
127.0.0.1 - - [15/May/2024 07:51:30] "GET /static/favicon.ico HTTP/1.1" 200 -
127.0.0.1 - - [15/May/2024 07:51:33] "GET /data_men.html HTTP/1.1" 200 -
127.0.0.1 - - [15/May/2024 07:51:33] "GET /static/styles/data.css HTTP/1.1" 200 -
127.0.0.1 - - [15/May/2024 07:51:33] "GET /static/data.js HTTP/1.1" 200 -
127.0.0.1 - - [15/May/2024 07:51:34] "GET /data/data_men HTTP/1.1" 200 -
127.0.0.1 - - [15/May/2024 07:52:01] "GET / HTTP/1.1" 200 -
127.0.0.1 - - [15/May/2024 07:52:01] "GET /static/styles/styles.css HTTP/1.1" 200 -
127.0.0.1 - - [15/May/2024 07:52:01] "GET /static/script.js HTTP/1.1" 200 -
127.0.0.1 - - [15/May/2024 07:52:01] "GET /static/favicon.ico HTTP/1.1" 200 -
127.0.0.1 - - [15/May/2024 07:52:06] "GET /data_men.html HTTP/1.1" 200 -
127.0.0.1 - - [15/May/2024 07:52:06] "GET /static/styles/data.css HTTP/1.1" 200 -
127.0.0.1 - - [15/May/2024 07:52:06] "GET /static/data.js HTTP/1.1" 200 -
127.0.0.1 - - [15/May/2024 07:52:06] "GET /data/data_men HTTP/1.1" 200 -
127.0.0.1 - - [15/May/2024 07:52:39] "GET / HTTP/1.1" 200 -
127.0.0.1 - - [15/May/2024 07:52:39] "GET /static/styles/styles.css HTTP/1.1" 200 -
127.0.0.1 - - [15/May/2024 07:52:39] "GET /static/script.js HTTP/1.1" 200 -
127.0.0.1 - - [15/May/2024 07:52:39] "GET /static/favicon.ico HTTP/1.1" 200 -
127.0.0.1 - - [15/May/2024 13:26:46] "GET /diagram.html HTTP/1.1" 200 -
127.0.0.1 - - [15/May/2024 13:26:46] "GET /static/graph.js HTTP/1.1" 200 -
127.0.0.1 - - [15/May/2024 13:26:46] "GET /data/data_diagram HTTP/1.1" 200 -
127.0.0.1 - - [15/May/2024 13:26:46] "GET /static/favicon.ico HTTP/1.1" 200 -
C:\Users\nn\AppData\Local\Programs\Python\Python311\Lib\site-packages\flask\app.py:415: UserWarning: Current server name 'localhost:8080' doesn't match configured server name 'www.dexterslab.com:8080'
  return self.url_map.bind_to_environ(
127.0.0.1 - - [15/May/2024 13:27:10] "GET / HTTP/1.1" 404 -
127.0.0.1 - - [15/May/2024 13:27:31] "GET / HTTP/1.1" 200 -
127.0.0.1 - - [15/May/2024 13:27:32] "GET /static/styles/styles.css HTTP/1.1" 200 -
127.0.0.1 - - [15/May/2024 13:27:32] "GET /static/script.js HTTP/1.1" 200 -
WARNING: This is a development server. Do not use it in a production deployment. Use a production WSGI server instead.
 * Running on http://www.dexterslab.com:8080
Press CTRL+C to quit
 * Restarting with stat
 * Debugger is active!
 * Debugger PIN: 187-122-103
127.0.0.1 - - [16/May/2024 13:26:37] "GET /slideShow.html HTTP/1.1" 200 -
127.0.0.1 - - [16/May/2024 13:26:55] "GET / HTTP/1.1" 200 -
127.0.0.1 - - [16/May/2024 13:26:56] "GET /static/styles/styles.css HTTP/1.1" 200 -
127.0.0.1 - - [16/May/2024 13:26:56] "GET /static/script.js HTTP/1.1" 304 -
127.0.0.1 - - [16/May/2024 13:26:59] "GET /slideShow.html HTTP/1.1" 200 -
127.0.0.1 - - [16/May/2024 13:37:51] "GET /slideShow.html HTTP/1.1" 200 -
127.0.0.1 - - [16/May/2024 13:38:11] "GET /video_list.html HTTP/1.1" 200 -
127.0.0.1 - - [16/May/2024 13:38:35] "GET /slideShow.html HTTP/1.1" 200 -
127.0.0.1 - - [16/May/2024 15:36:47] "GET /video_list.html HTTP/1.1" 200 -
127.0.0.1 - - [16/May/2024 16:31:27] "GET /slideShow.html HTTP/1.1" 200 -
127.0.0.1 - - [16/May/2024 17:05:27] "GET / HTTP/1.1" 200 -
127.0.0.1 - - [16/May/2024 17:05:27] "GET /static/styles/styles.css HTTP/1.1" 304 -
127.0.0.1 - - [16/May/2024 17:05:27] "GET /static/script.js HTTP/1.1" 304 -
127.0.0.1 - - [16/May/2024 17:05:38] "GET / HTTP/1.1" 200 -
127.0.0.1 - - [16/May/2024 17:05:38] "GET /static/styles/styles.css HTTP/1.1" 304 -
127.0.0.1 - - [16/May/2024 17:05:38] "GET /static/script.js HTTP/1.1" 304 -
127.0.0.1 - - [16/May/2024 17:05:59] "GET / HTTP/1.1" 200 -
127.0.0.1 - - [16/May/2024 17:05:59] "GET /static/styles/styles.css HTTP/1.1" 304 -
127.0.0.1 - - [16/May/2024 17:05:59] "GET /static/script.js HTTP/1.1" 304 -
127.0.0.1 - - [16/May/2024 17:06:22] "GET / HTTP/1.1" 200 -
127.0.0.1 - - [16/May/2024 17:06:22] "GET /static/styles/styles.css HTTP/1.1" 200 -
127.0.0.1 - - [16/May/2024 17:06:22] "GET /static/script.js HTTP/1.1" 304 -
127.0.0.1 - - [16/May/2024 17:06:45] "GET / HTTP/1.1" 200 -
127.0.0.1 - - [16/May/2024 17:06:45] "GET /static/styles/styles.css HTTP/1.1" 304 -
127.0.0.1 - - [16/May/2024 17:06:45] "GET /static/script.js HTTP/1.1" 304 -
127.0.0.1 - - [16/May/2024 17:06:57] "GET /slideShow.html HTTP/1.1" 200 -
127.0.0.1 - - [17/May/2024 07:52:08] "GET / HTTP/1.1" 200 -
127.0.0.1 - - [17/May/2024 07:52:08] "GET /static/styles/styles.css HTTP/1.1" 200 -
127.0.0.1 - - [17/May/2024 07:52:08] "GET /static/script.js HTTP/1.1" 200 -
127.0.0.1 - - [17/May/2024 07:52:08] "GET /static/favicon.ico HTTP/1.1" 200 -
127.0.0.1 - - [17/May/2024 07:52:12] "GET /video_menu_list.html HTTP/1.1" 200 -
127.0.0.1 - - [17/May/2024 08:03:49] "GET /video_menu_list.html HTTP/1.1" 200 -
127.0.0.1 - - [17/May/2024 08:03:49] "GET /images/video_1.png HTTP/1.1" 404 -
127.0.0.1 - - [17/May/2024 08:04:09] "GET /video_menu_list.html HTTP/1.1" 200 -
127.0.0.1 - - [17/May/2024 08:04:09] "GET /images/video_1.png HTTP/1.1" 404 -
127.0.0.1 - - [17/May/2024 08:05:11] "GET /video_menu_list.html HTTP/1.1" 500 -
Traceback (most recent call last):
  File "C:\Users\nn\AppData\Local\Programs\Python\Python311\Lib\site-packages\flask\app.py", line 1488, in __call__
    return self.wsgi_app(environ, start_response)
           ^^^^^^^^^^^^^^^^^^^^^^^^^^^^^^^^^^^^^^
  File "C:\Users\nn\AppData\Local\Programs\Python\Python311\Lib\site-packages\flask\app.py", line 1466, in wsgi_app
    response = self.handle_exception(e)
               ^^^^^^^^^^^^^^^^^^^^^^^^
  File "C:\Users\nn\AppData\Local\Programs\Python\Python311\Lib\site-packages\flask\app.py", line 1463, in wsgi_app
    response = self.full_dispatch_request()
               ^^^^^^^^^^^^^^^^^^^^^^^^^^^^
  File "C:\Users\nn\AppData\Local\Programs\Python\Python311\Lib\site-packages\flask\app.py", line 872, in full_dispatch_request
    rv = self.handle_user_exception(e)
         ^^^^^^^^^^^^^^^^^^^^^^^^^^^^^
  File "C:\Users\nn\AppData\Local\Programs\Python\Python311\Lib\site-packages\flask\app.py", line 870, in full_dispatch_request
    rv = self.dispatch_request()
         ^^^^^^^^^^^^^^^^^^^^^^^
  File "C:\Users\nn\AppData\Local\Programs\Python\Python311\Lib\site-packages\flask\app.py", line 855, in dispatch_request
    return self.ensure_sync(self.view_functions[rule.endpoint])(**view_args)  # type: ignore[no-any-return]
           ^^^^^^^^^^^^^^^^^^^^^^^^^^^^^^^^^^^^^^^^^^^^^^^^^^^^^^^^^^^^^^^^^^^^^^^^^^^^^^^^^^^^^^^^^^^^^^^^
  File "C:\Users\nn\dexterslab\main.py", line 36, in data_html
    return render_template(str(page))
           ^^^^^^^^^^^^^^^^^^^^^^^^^^
  File "C:\Users\nn\AppData\Local\Programs\Python\Python311\Lib\site-packages\flask\templating.py", line 150, in render_template
    return _render(app, template, context)
           ^^^^^^^^^^^^^^^^^^^^^^^^^^^^^^^
  File "C:\Users\nn\AppData\Local\Programs\Python\Python311\Lib\site-packages\flask\templating.py", line 131, in _render
    rv = template.render(context)
         ^^^^^^^^^^^^^^^^^^^^^^^^
  File "C:\Users\nn\AppData\Local\Programs\Python\Python311\Lib\site-packages\jinja2\environment.py", line 1301, in render
    self.environment.handle_exception()
  File "C:\Users\nn\AppData\Local\Programs\Python\Python311\Lib\site-packages\jinja2\environment.py", line 936, in handle_exception
    raise rewrite_traceback_stack(source=source)
  File "C:\Users\nn\dexterslab\templates\video_menu_list.html", line 11, in top-level template code
    <a><img src="{{ url_for('images', filename='video_1.png') }}"></a>
  File "C:\Users\nn\AppData\Local\Programs\Python\Python311\Lib\site-packages\flask\app.py", line 1074, in url_for
    return self.handle_url_build_error(error, endpoint, values)
           ^^^^^^^^^^^^^^^^^^^^^^^^^^^^^^^^^^^^^^^^^^^^^^^^^^^^
  File "C:\Users\nn\AppData\Local\Programs\Python\Python311\Lib\site-packages\flask\app.py", line 1063, in url_for
    rv = url_adapter.build(  # type: ignore[union-attr]
         ^^^^^^^^^^^^^^^^^^^^^^^^^^^^^^^^^^^^^^^^^^^^^^
  File "C:\Users\nn\AppData\Local\Programs\Python\Python311\Lib\site-packages\werkzeug\routing\map.py", line 919, in build
    raise BuildError(endpoint, values, method, self)
werkzeug.routing.exceptions.BuildError: Could not build url for endpoint 'images' with values ['filename']. Did you mean 'data_general_css' instead?
127.0.0.1 - - [17/May/2024 08:05:11] "GET /video_menu_list.html?__debugger__=yes&cmd=resource&f=style.css HTTP/1.1" 200 -
127.0.0.1 - - [17/May/2024 08:05:11] "GET /video_menu_list.html?__debugger__=yes&cmd=resource&f=debugger.js HTTP/1.1" 200 -
127.0.0.1 - - [17/May/2024 08:05:11] "GET /video_menu_list.html?__debugger__=yes&cmd=resource&f=console.png HTTP/1.1" 200 -
127.0.0.1 - - [17/May/2024 08:05:11] "GET /video_menu_list.html?__debugger__=yes&cmd=resource&f=console.png HTTP/1.1" 304 -
WARNING: This is a development server. Do not use it in a production deployment. Use a production WSGI server instead.
 * Running on http://www.dexterslab.com:8080
Press CTRL+C to quit
 * Restarting with stat
 * Debugger is active!
 * Debugger PIN: 187-122-103
WARNING: This is a development server. Do not use it in a production deployment. Use a production WSGI server instead.
 * Running on http://www.dexterslab.com:8080
Press CTRL+C to quit
 * Restarting with stat
 * Debugger is active!
 * Debugger PIN: 187-122-103
C:\Users\nn\AppData\Local\Programs\Python\Python311\Lib\site-packages\flask\app.py:415: UserWarning: Current server name 'www.applynow.com:8080' doesn't match configured server name 'www.dexterslab.com:8080'
  return self.url_map.bind_to_environ(
127.0.0.1 - - [21/May/2024 11:42:47] "GET / HTTP/1.1" 404 -
127.0.0.1 - - [21/May/2024 11:42:47] "GET /favicon.ico HTTP/1.1" 404 -
WARNING: This is a development server. Do not use it in a production deployment. Use a production WSGI server instead.
 * Running on http://www.dexterslab.com:8080
Press CTRL+C to quit
 * Restarting with stat
 * Debugger is active!
 * Debugger PIN: 187-122-103
C:\Users\nn\AppData\Local\Programs\Python\Python311\Lib\site-packages\flask\app.py:415: UserWarning: Current server name 'localhost:8080' doesn't match configured server name 'www.dexterslab.com:8080'
  return self.url_map.bind_to_environ(
127.0.0.1 - - [21/May/2024 11:54:14] "GET / HTTP/1.1" 404 -
127.0.0.1 - - [21/May/2024 11:54:30] "GET / HTTP/1.1" 404 -
127.0.0.1 - - [21/May/2024 13:22:56] "OPTIONS /data/data_general HTTP/1.1" 200 -
